[2024-06-05 07:21:23] production.ERROR: Target class [config] does not exist. {"exception":"[object] (Illuminate\\Contracts\\Container\\BindingResolutionException(code: 0): Target class [config] does not exist. at /Users/zaine/Documents/Code/RI-Management-System/vendor/laravel/framework/src/Illuminate/Container/Container.php:906)
[stacktrace]
#0 /Users/zaine/Documents/Code/RI-Management-System/vendor/laravel/framework/src/Illuminate/Container/Container.php(787): Illuminate\\Container\\Container->build('config')
#1 /Users/zaine/Documents/Code/RI-Management-System/vendor/laravel/framework/src/Illuminate/Foundation/Application.php(1041): Illuminate\\Container\\Container->resolve('config', Array, true)
#2 /Users/zaine/Documents/Code/RI-Management-System/vendor/laravel/framework/src/Illuminate/Container/Container.php(723): Illuminate\\Foundation\\Application->resolve('config', Array)
#3 /Users/zaine/Documents/Code/RI-Management-System/vendor/laravel/framework/src/Illuminate/Foundation/Application.php(1026): Illuminate\\Container\\Container->make('config', Array)
#4 /Users/zaine/Documents/Code/RI-Management-System/vendor/laravel/framework/src/Illuminate/Foundation/helpers.php(122): Illuminate\\Foundation\\Application->make('config', Array)
#5 /Users/zaine/Documents/Code/RI-Management-System/vendor/laravel/framework/src/Illuminate/Foundation/helpers.php(276): app('config')
#6 /Users/zaine/Documents/Code/RI-Management-System/vendor/laravel/sanctum/src/Sanctum.php(37): config('app.url')
#7 /Users/zaine/Documents/Code/RI-Management-System/config/sanctum.php(21): Laravel\\Sanctum\\Sanctum::currentApplicationUrlWithPort()
#8 /Users/zaine/Documents/Code/RI-Management-System/vendor/laravel/framework/src/Illuminate/Foundation/Bootstrap/LoadConfiguration.php(96): require('/Users/zaine/Do...')
#9 /Users/zaine/Documents/Code/RI-Management-System/vendor/laravel/framework/src/Illuminate/Foundation/Bootstrap/LoadConfiguration.php(77): Illuminate\\Foundation\\Bootstrap\\LoadConfiguration->loadConfigurationFile(Object(Illuminate\\Config\\Repository), 'sanctum', '/Users/zaine/Do...', Array)
#10 /Users/zaine/Documents/Code/RI-Management-System/vendor/laravel/framework/src/Illuminate/Foundation/Bootstrap/LoadConfiguration.php(38): Illuminate\\Foundation\\Bootstrap\\LoadConfiguration->loadConfigurationFiles(Object(Illuminate\\Foundation\\Application), Object(Illuminate\\Config\\Repository))
#11 /Users/zaine/Documents/Code/RI-Management-System/vendor/laravel/framework/src/Illuminate/Foundation/Application.php(316): Illuminate\\Foundation\\Bootstrap\\LoadConfiguration->bootstrap(Object(Illuminate\\Foundation\\Application))
#12 /Users/zaine/Documents/Code/RI-Management-System/vendor/laravel/framework/src/Illuminate/Foundation/Http/Kernel.php(186): Illuminate\\Foundation\\Application->bootstrapWith(Array)
#13 /Users/zaine/Documents/Code/RI-Management-System/vendor/laravel/framework/src/Illuminate/Foundation/Http/Kernel.php(170): Illuminate\\Foundation\\Http\\Kernel->bootstrap()
#14 /Users/zaine/Documents/Code/RI-Management-System/vendor/laravel/framework/src/Illuminate/Foundation/Http/Kernel.php(144): Illuminate\\Foundation\\Http\\Kernel->sendRequestThroughRouter(Object(Illuminate\\Http\\Request))
#15 /Users/zaine/Documents/Code/RI-Management-System/public/index.php(51): Illuminate\\Foundation\\Http\\Kernel->handle(Object(Illuminate\\Http\\Request))
#16 /Applications/Herd.app/Contents/Resources/valet/server.php(153): require('/Users/zaine/Do...')
#17 {main}

[previous exception] [object] (ReflectionException(code: -1): Class \"config\" does not exist at /Users/zaine/Documents/Code/RI-Management-System/vendor/laravel/framework/src/Illuminate/Container/Container.php:904)
[stacktrace]
#0 /Users/zaine/Documents/Code/RI-Management-System/vendor/laravel/framework/src/Illuminate/Container/Container.php(904): ReflectionClass->__construct('config')
#1 /Users/zaine/Documents/Code/RI-Management-System/vendor/laravel/framework/src/Illuminate/Container/Container.php(787): Illuminate\\Container\\Container->build('config')
#2 /Users/zaine/Documents/Code/RI-Management-System/vendor/laravel/framework/src/Illuminate/Foundation/Application.php(1041): Illuminate\\Container\\Container->resolve('config', Array, true)
#3 /Users/zaine/Documents/Code/RI-Management-System/vendor/laravel/framework/src/Illuminate/Container/Container.php(723): Illuminate\\Foundation\\Application->resolve('config', Array)
#4 /Users/zaine/Documents/Code/RI-Management-System/vendor/laravel/framework/src/Illuminate/Foundation/Application.php(1026): Illuminate\\Container\\Container->make('config', Array)
#5 /Users/zaine/Documents/Code/RI-Management-System/vendor/laravel/framework/src/Illuminate/Foundation/helpers.php(122): Illuminate\\Foundation\\Application->make('config', Array)
#6 /Users/zaine/Documents/Code/RI-Management-System/vendor/laravel/framework/src/Illuminate/Foundation/helpers.php(276): app('config')
#7 /Users/zaine/Documents/Code/RI-Management-System/vendor/laravel/sanctum/src/Sanctum.php(37): config('app.url')
#8 /Users/zaine/Documents/Code/RI-Management-System/config/sanctum.php(21): Laravel\\Sanctum\\Sanctum::currentApplicationUrlWithPort()
#9 /Users/zaine/Documents/Code/RI-Management-System/vendor/laravel/framework/src/Illuminate/Foundation/Bootstrap/LoadConfiguration.php(96): require('/Users/zaine/Do...')
#10 /Users/zaine/Documents/Code/RI-Management-System/vendor/laravel/framework/src/Illuminate/Foundation/Bootstrap/LoadConfiguration.php(77): Illuminate\\Foundation\\Bootstrap\\LoadConfiguration->loadConfigurationFile(Object(Illuminate\\Config\\Repository), 'sanctum', '/Users/zaine/Do...', Array)
#11 /Users/zaine/Documents/Code/RI-Management-System/vendor/laravel/framework/src/Illuminate/Foundation/Bootstrap/LoadConfiguration.php(38): Illuminate\\Foundation\\Bootstrap\\LoadConfiguration->loadConfigurationFiles(Object(Illuminate\\Foundation\\Application), Object(Illuminate\\Config\\Repository))
#12 /Users/zaine/Documents/Code/RI-Management-System/vendor/laravel/framework/src/Illuminate/Foundation/Application.php(316): Illuminate\\Foundation\\Bootstrap\\LoadConfiguration->bootstrap(Object(Illuminate\\Foundation\\Application))
#13 /Users/zaine/Documents/Code/RI-Management-System/vendor/laravel/framework/src/Illuminate/Foundation/Http/Kernel.php(186): Illuminate\\Foundation\\Application->bootstrapWith(Array)
#14 /Users/zaine/Documents/Code/RI-Management-System/vendor/laravel/framework/src/Illuminate/Foundation/Http/Kernel.php(170): Illuminate\\Foundation\\Http\\Kernel->bootstrap()
#15 /Users/zaine/Documents/Code/RI-Management-System/vendor/laravel/framework/src/Illuminate/Foundation/Http/Kernel.php(144): Illuminate\\Foundation\\Http\\Kernel->sendRequestThroughRouter(Object(Illuminate\\Http\\Request))
#16 /Users/zaine/Documents/Code/RI-Management-System/public/index.php(51): Illuminate\\Foundation\\Http\\Kernel->handle(Object(Illuminate\\Http\\Request))
#17 /Applications/Herd.app/Contents/Resources/valet/server.php(153): require('/Users/zaine/Do...')
#18 {main}
"} 
[2024-06-05 07:21:25] production.ERROR: Target class [config] does not exist. {"exception":"[object] (Illuminate\\Contracts\\Container\\BindingResolutionException(code: 0): Target class [config] does not exist. at /Users/zaine/Documents/Code/RI-Management-System/vendor/laravel/framework/src/Illuminate/Container/Container.php:906)
[stacktrace]
#0 /Users/zaine/Documents/Code/RI-Management-System/vendor/laravel/framework/src/Illuminate/Container/Container.php(787): Illuminate\\Container\\Container->build('config')
#1 /Users/zaine/Documents/Code/RI-Management-System/vendor/laravel/framework/src/Illuminate/Foundation/Application.php(1041): Illuminate\\Container\\Container->resolve('config', Array, true)
#2 /Users/zaine/Documents/Code/RI-Management-System/vendor/laravel/framework/src/Illuminate/Container/Container.php(723): Illuminate\\Foundation\\Application->resolve('config', Array)
#3 /Users/zaine/Documents/Code/RI-Management-System/vendor/laravel/framework/src/Illuminate/Foundation/Application.php(1026): Illuminate\\Container\\Container->make('config', Array)
#4 /Users/zaine/Documents/Code/RI-Management-System/vendor/laravel/framework/src/Illuminate/Foundation/helpers.php(122): Illuminate\\Foundation\\Application->make('config', Array)
#5 /Users/zaine/Documents/Code/RI-Management-System/vendor/laravel/framework/src/Illuminate/Foundation/helpers.php(276): app('config')
#6 /Users/zaine/Documents/Code/RI-Management-System/vendor/laravel/sanctum/src/Sanctum.php(37): config('app.url')
#7 /Users/zaine/Documents/Code/RI-Management-System/config/sanctum.php(21): Laravel\\Sanctum\\Sanctum::currentApplicationUrlWithPort()
#8 /Users/zaine/Documents/Code/RI-Management-System/vendor/laravel/framework/src/Illuminate/Foundation/Bootstrap/LoadConfiguration.php(96): require('/Users/zaine/Do...')
#9 /Users/zaine/Documents/Code/RI-Management-System/vendor/laravel/framework/src/Illuminate/Foundation/Bootstrap/LoadConfiguration.php(77): Illuminate\\Foundation\\Bootstrap\\LoadConfiguration->loadConfigurationFile(Object(Illuminate\\Config\\Repository), 'sanctum', '/Users/zaine/Do...', Array)
#10 /Users/zaine/Documents/Code/RI-Management-System/vendor/laravel/framework/src/Illuminate/Foundation/Bootstrap/LoadConfiguration.php(38): Illuminate\\Foundation\\Bootstrap\\LoadConfiguration->loadConfigurationFiles(Object(Illuminate\\Foundation\\Application), Object(Illuminate\\Config\\Repository))
#11 /Users/zaine/Documents/Code/RI-Management-System/vendor/laravel/framework/src/Illuminate/Foundation/Application.php(316): Illuminate\\Foundation\\Bootstrap\\LoadConfiguration->bootstrap(Object(Illuminate\\Foundation\\Application))
#12 /Users/zaine/Documents/Code/RI-Management-System/vendor/laravel/framework/src/Illuminate/Foundation/Http/Kernel.php(186): Illuminate\\Foundation\\Application->bootstrapWith(Array)
#13 /Users/zaine/Documents/Code/RI-Management-System/vendor/laravel/framework/src/Illuminate/Foundation/Http/Kernel.php(170): Illuminate\\Foundation\\Http\\Kernel->bootstrap()
#14 /Users/zaine/Documents/Code/RI-Management-System/vendor/laravel/framework/src/Illuminate/Foundation/Http/Kernel.php(144): Illuminate\\Foundation\\Http\\Kernel->sendRequestThroughRouter(Object(Illuminate\\Http\\Request))
#15 /Users/zaine/Documents/Code/RI-Management-System/public/index.php(51): Illuminate\\Foundation\\Http\\Kernel->handle(Object(Illuminate\\Http\\Request))
#16 /Applications/Herd.app/Contents/Resources/valet/server.php(153): require('/Users/zaine/Do...')
#17 {main}

[previous exception] [object] (ReflectionException(code: -1): Class \"config\" does not exist at /Users/zaine/Documents/Code/RI-Management-System/vendor/laravel/framework/src/Illuminate/Container/Container.php:904)
[stacktrace]
#0 /Users/zaine/Documents/Code/RI-Management-System/vendor/laravel/framework/src/Illuminate/Container/Container.php(904): ReflectionClass->__construct('config')
#1 /Users/zaine/Documents/Code/RI-Management-System/vendor/laravel/framework/src/Illuminate/Container/Container.php(787): Illuminate\\Container\\Container->build('config')
#2 /Users/zaine/Documents/Code/RI-Management-System/vendor/laravel/framework/src/Illuminate/Foundation/Application.php(1041): Illuminate\\Container\\Container->resolve('config', Array, true)
#3 /Users/zaine/Documents/Code/RI-Management-System/vendor/laravel/framework/src/Illuminate/Container/Container.php(723): Illuminate\\Foundation\\Application->resolve('config', Array)
#4 /Users/zaine/Documents/Code/RI-Management-System/vendor/laravel/framework/src/Illuminate/Foundation/Application.php(1026): Illuminate\\Container\\Container->make('config', Array)
#5 /Users/zaine/Documents/Code/RI-Management-System/vendor/laravel/framework/src/Illuminate/Foundation/helpers.php(122): Illuminate\\Foundation\\Application->make('config', Array)
#6 /Users/zaine/Documents/Code/RI-Management-System/vendor/laravel/framework/src/Illuminate/Foundation/helpers.php(276): app('config')
#7 /Users/zaine/Documents/Code/RI-Management-System/vendor/laravel/sanctum/src/Sanctum.php(37): config('app.url')
#8 /Users/zaine/Documents/Code/RI-Management-System/config/sanctum.php(21): Laravel\\Sanctum\\Sanctum::currentApplicationUrlWithPort()
#9 /Users/zaine/Documents/Code/RI-Management-System/vendor/laravel/framework/src/Illuminate/Foundation/Bootstrap/LoadConfiguration.php(96): require('/Users/zaine/Do...')
#10 /Users/zaine/Documents/Code/RI-Management-System/vendor/laravel/framework/src/Illuminate/Foundation/Bootstrap/LoadConfiguration.php(77): Illuminate\\Foundation\\Bootstrap\\LoadConfiguration->loadConfigurationFile(Object(Illuminate\\Config\\Repository), 'sanctum', '/Users/zaine/Do...', Array)
#11 /Users/zaine/Documents/Code/RI-Management-System/vendor/laravel/framework/src/Illuminate/Foundation/Bootstrap/LoadConfiguration.php(38): Illuminate\\Foundation\\Bootstrap\\LoadConfiguration->loadConfigurationFiles(Object(Illuminate\\Foundation\\Application), Object(Illuminate\\Config\\Repository))
#12 /Users/zaine/Documents/Code/RI-Management-System/vendor/laravel/framework/src/Illuminate/Foundation/Application.php(316): Illuminate\\Foundation\\Bootstrap\\LoadConfiguration->bootstrap(Object(Illuminate\\Foundation\\Application))
#13 /Users/zaine/Documents/Code/RI-Management-System/vendor/laravel/framework/src/Illuminate/Foundation/Http/Kernel.php(186): Illuminate\\Foundation\\Application->bootstrapWith(Array)
#14 /Users/zaine/Documents/Code/RI-Management-System/vendor/laravel/framework/src/Illuminate/Foundation/Http/Kernel.php(170): Illuminate\\Foundation\\Http\\Kernel->bootstrap()
#15 /Users/zaine/Documents/Code/RI-Management-System/vendor/laravel/framework/src/Illuminate/Foundation/Http/Kernel.php(144): Illuminate\\Foundation\\Http\\Kernel->sendRequestThroughRouter(Object(Illuminate\\Http\\Request))
#16 /Users/zaine/Documents/Code/RI-Management-System/public/index.php(51): Illuminate\\Foundation\\Http\\Kernel->handle(Object(Illuminate\\Http\\Request))
#17 /Applications/Herd.app/Contents/Resources/valet/server.php(153): require('/Users/zaine/Do...')
#18 {main}
"} 
[2024-12-06 06:01:58] production.ERROR: Target class [config] does not exist. {"exception":"[object] (Illuminate\\Contracts\\Container\\BindingResolutionException(code: 0): Target class [config] does not exist. at C:\\xampp\\htdocs\\RI-Management-System\\vendor\\laravel\\framework\\src\\Illuminate\\Container\\Container.php:946)
[stacktrace]
#0 C:\\xampp\\htdocs\\RI-Management-System\\vendor\\laravel\\framework\\src\\Illuminate\\Container\\Container.php(819): Illuminate\\Container\\Container->build('config')
#1 C:\\xampp\\htdocs\\RI-Management-System\\vendor\\laravel\\framework\\src\\Illuminate\\Foundation\\Application.php(1048): Illuminate\\Container\\Container->resolve('config', Array, true)
#2 C:\\xampp\\htdocs\\RI-Management-System\\vendor\\laravel\\framework\\src\\Illuminate\\Container\\Container.php(755): Illuminate\\Foundation\\Application->resolve('config', Array)
#3 C:\\xampp\\htdocs\\RI-Management-System\\vendor\\laravel\\framework\\src\\Illuminate\\Foundation\\Application.php(1030): Illuminate\\Container\\Container->make('config', Array)
#4 C:\\xampp\\htdocs\\RI-Management-System\\vendor\\laravel\\framework\\src\\Illuminate\\Foundation\\helpers.php(124): Illuminate\\Foundation\\Application->make('config', Array)
#5 C:\\xampp\\htdocs\\RI-Management-System\\vendor\\laravel\\framework\\src\\Illuminate\\Foundation\\helpers.php(279): app('config')
#6 C:\\xampp\\htdocs\\RI-Management-System\\vendor\\laravel\\sanctum\\src\\Sanctum.php(40): config('app.url')
#7 C:\\xampp\\htdocs\\RI-Management-System\\config\\sanctum.php(21): Laravel\\Sanctum\\Sanctum::currentApplicationUrlWithPort()
#8 C:\\xampp\\htdocs\\RI-Management-System\\vendor\\laravel\\framework\\src\\Illuminate\\Foundation\\Bootstrap\\LoadConfiguration.php(96): require('C:\\\\xampp\\\\htdocs...')
#9 C:\\xampp\\htdocs\\RI-Management-System\\vendor\\laravel\\framework\\src\\Illuminate\\Foundation\\Bootstrap\\LoadConfiguration.php(96): Illuminate\\Foundation\\Bootstrap\\LoadConfiguration->Illuminate\\Foundation\\Bootstrap\\{closure}()
#10 C:\\xampp\\htdocs\\RI-Management-System\\vendor\\laravel\\framework\\src\\Illuminate\\Foundation\\Bootstrap\\LoadConfiguration.php(77): Illuminate\\Foundation\\Bootstrap\\LoadConfiguration->loadConfigurationFile(Object(Illuminate\\Config\\Repository), 'sanctum', 'C:\\\\xampp\\\\htdocs...', Array)
#11 C:\\xampp\\htdocs\\RI-Management-System\\vendor\\laravel\\framework\\src\\Illuminate\\Foundation\\Bootstrap\\LoadConfiguration.php(38): Illuminate\\Foundation\\Bootstrap\\LoadConfiguration->loadConfigurationFiles(Object(Illuminate\\Foundation\\Application), Object(Illuminate\\Config\\Repository))
#12 C:\\xampp\\htdocs\\RI-Management-System\\vendor\\laravel\\framework\\src\\Illuminate\\Foundation\\Application.php(316): Illuminate\\Foundation\\Bootstrap\\LoadConfiguration->bootstrap(Object(Illuminate\\Foundation\\Application))
#13 C:\\xampp\\htdocs\\RI-Management-System\\vendor\\laravel\\framework\\src\\Illuminate\\Foundation\\Http\\Kernel.php(187): Illuminate\\Foundation\\Application->bootstrapWith(Array)
#14 C:\\xampp\\htdocs\\RI-Management-System\\vendor\\laravel\\framework\\src\\Illuminate\\Foundation\\Http\\Kernel.php(171): Illuminate\\Foundation\\Http\\Kernel->bootstrap()
#15 C:\\xampp\\htdocs\\RI-Management-System\\vendor\\laravel\\framework\\src\\Illuminate\\Foundation\\Http\\Kernel.php(145): Illuminate\\Foundation\\Http\\Kernel->sendRequestThroughRouter(Object(Illuminate\\Http\\Request))
#16 C:\\xampp\\htdocs\\RI-Management-System\\public\\index.php(51): Illuminate\\Foundation\\Http\\Kernel->handle(Object(Illuminate\\Http\\Request))
#17 C:\\xampp\\htdocs\\RI-Management-System\\vendor\\laravel\\framework\\src\\Illuminate\\Foundation\\resources\\server.php(23): require_once('C:\\\\xampp\\\\htdocs...')
#18 {main}

[previous exception] [object] (ReflectionException(code: -1): Class \"config\" does not exist at C:\\xampp\\htdocs\\RI-Management-System\\vendor\\laravel\\framework\\src\\Illuminate\\Container\\Container.php:944)
[stacktrace]
#0 C:\\xampp\\htdocs\\RI-Management-System\\vendor\\laravel\\framework\\src\\Illuminate\\Container\\Container.php(944): ReflectionClass->__construct('config')
#1 C:\\xampp\\htdocs\\RI-Management-System\\vendor\\laravel\\framework\\src\\Illuminate\\Container\\Container.php(819): Illuminate\\Container\\Container->build('config')
#2 C:\\xampp\\htdocs\\RI-Management-System\\vendor\\laravel\\framework\\src\\Illuminate\\Foundation\\Application.php(1048): Illuminate\\Container\\Container->resolve('config', Array, true)
#3 C:\\xampp\\htdocs\\RI-Management-System\\vendor\\laravel\\framework\\src\\Illuminate\\Container\\Container.php(755): Illuminate\\Foundation\\Application->resolve('config', Array)
#4 C:\\xampp\\htdocs\\RI-Management-System\\vendor\\laravel\\framework\\src\\Illuminate\\Foundation\\Application.php(1030): Illuminate\\Container\\Container->make('config', Array)
#5 C:\\xampp\\htdocs\\RI-Management-System\\vendor\\laravel\\framework\\src\\Illuminate\\Foundation\\helpers.php(124): Illuminate\\Foundation\\Application->make('config', Array)
#6 C:\\xampp\\htdocs\\RI-Management-System\\vendor\\laravel\\framework\\src\\Illuminate\\Foundation\\helpers.php(279): app('config')
#7 C:\\xampp\\htdocs\\RI-Management-System\\vendor\\laravel\\sanctum\\src\\Sanctum.php(40): config('app.url')
#8 C:\\xampp\\htdocs\\RI-Management-System\\config\\sanctum.php(21): Laravel\\Sanctum\\Sanctum::currentApplicationUrlWithPort()
#9 C:\\xampp\\htdocs\\RI-Management-System\\vendor\\laravel\\framework\\src\\Illuminate\\Foundation\\Bootstrap\\LoadConfiguration.php(96): require('C:\\\\xampp\\\\htdocs...')
#10 C:\\xampp\\htdocs\\RI-Management-System\\vendor\\laravel\\framework\\src\\Illuminate\\Foundation\\Bootstrap\\LoadConfiguration.php(96): Illuminate\\Foundation\\Bootstrap\\LoadConfiguration->Illuminate\\Foundation\\Bootstrap\\{closure}()
#11 C:\\xampp\\htdocs\\RI-Management-System\\vendor\\laravel\\framework\\src\\Illuminate\\Foundation\\Bootstrap\\LoadConfiguration.php(77): Illuminate\\Foundation\\Bootstrap\\LoadConfiguration->loadConfigurationFile(Object(Illuminate\\Config\\Repository), 'sanctum', 'C:\\\\xampp\\\\htdocs...', Array)
#12 C:\\xampp\\htdocs\\RI-Management-System\\vendor\\laravel\\framework\\src\\Illuminate\\Foundation\\Bootstrap\\LoadConfiguration.php(38): Illuminate\\Foundation\\Bootstrap\\LoadConfiguration->loadConfigurationFiles(Object(Illuminate\\Foundation\\Application), Object(Illuminate\\Config\\Repository))
#13 C:\\xampp\\htdocs\\RI-Management-System\\vendor\\laravel\\framework\\src\\Illuminate\\Foundation\\Application.php(316): Illuminate\\Foundation\\Bootstrap\\LoadConfiguration->bootstrap(Object(Illuminate\\Foundation\\Application))
#14 C:\\xampp\\htdocs\\RI-Management-System\\vendor\\laravel\\framework\\src\\Illuminate\\Foundation\\Http\\Kernel.php(187): Illuminate\\Foundation\\Application->bootstrapWith(Array)
#15 C:\\xampp\\htdocs\\RI-Management-System\\vendor\\laravel\\framework\\src\\Illuminate\\Foundation\\Http\\Kernel.php(171): Illuminate\\Foundation\\Http\\Kernel->bootstrap()
#16 C:\\xampp\\htdocs\\RI-Management-System\\vendor\\laravel\\framework\\src\\Illuminate\\Foundation\\Http\\Kernel.php(145): Illuminate\\Foundation\\Http\\Kernel->sendRequestThroughRouter(Object(Illuminate\\Http\\Request))
#17 C:\\xampp\\htdocs\\RI-Management-System\\public\\index.php(51): Illuminate\\Foundation\\Http\\Kernel->handle(Object(Illuminate\\Http\\Request))
#18 C:\\xampp\\htdocs\\RI-Management-System\\vendor\\laravel\\framework\\src\\Illuminate\\Foundation\\resources\\server.php(23): require_once('C:\\\\xampp\\\\htdocs...')
#19 {main}
"} 
[2024-12-06 06:02:07] production.ERROR: Target class [config] does not exist. {"exception":"[object] (Illuminate\\Contracts\\Container\\BindingResolutionException(code: 0): Target class [config] does not exist. at C:\\xampp\\htdocs\\RI-Management-System\\vendor\\laravel\\framework\\src\\Illuminate\\Container\\Container.php:946)
[stacktrace]
#0 C:\\xampp\\htdocs\\RI-Management-System\\vendor\\laravel\\framework\\src\\Illuminate\\Container\\Container.php(819): Illuminate\\Container\\Container->build('config')
#1 C:\\xampp\\htdocs\\RI-Management-System\\vendor\\laravel\\framework\\src\\Illuminate\\Foundation\\Application.php(1048): Illuminate\\Container\\Container->resolve('config', Array, true)
#2 C:\\xampp\\htdocs\\RI-Management-System\\vendor\\laravel\\framework\\src\\Illuminate\\Container\\Container.php(755): Illuminate\\Foundation\\Application->resolve('config', Array)
#3 C:\\xampp\\htdocs\\RI-Management-System\\vendor\\laravel\\framework\\src\\Illuminate\\Foundation\\Application.php(1030): Illuminate\\Container\\Container->make('config', Array)
#4 C:\\xampp\\htdocs\\RI-Management-System\\vendor\\laravel\\framework\\src\\Illuminate\\Foundation\\helpers.php(124): Illuminate\\Foundation\\Application->make('config', Array)
#5 C:\\xampp\\htdocs\\RI-Management-System\\vendor\\laravel\\framework\\src\\Illuminate\\Foundation\\helpers.php(279): app('config')
#6 C:\\xampp\\htdocs\\RI-Management-System\\vendor\\laravel\\sanctum\\src\\Sanctum.php(40): config('app.url')
#7 C:\\xampp\\htdocs\\RI-Management-System\\config\\sanctum.php(21): Laravel\\Sanctum\\Sanctum::currentApplicationUrlWithPort()
#8 C:\\xampp\\htdocs\\RI-Management-System\\vendor\\laravel\\framework\\src\\Illuminate\\Foundation\\Bootstrap\\LoadConfiguration.php(96): require('C:\\\\xampp\\\\htdocs...')
#9 C:\\xampp\\htdocs\\RI-Management-System\\vendor\\laravel\\framework\\src\\Illuminate\\Foundation\\Bootstrap\\LoadConfiguration.php(96): Illuminate\\Foundation\\Bootstrap\\LoadConfiguration->Illuminate\\Foundation\\Bootstrap\\{closure}()
#10 C:\\xampp\\htdocs\\RI-Management-System\\vendor\\laravel\\framework\\src\\Illuminate\\Foundation\\Bootstrap\\LoadConfiguration.php(77): Illuminate\\Foundation\\Bootstrap\\LoadConfiguration->loadConfigurationFile(Object(Illuminate\\Config\\Repository), 'sanctum', 'C:\\\\xampp\\\\htdocs...', Array)
#11 C:\\xampp\\htdocs\\RI-Management-System\\vendor\\laravel\\framework\\src\\Illuminate\\Foundation\\Bootstrap\\LoadConfiguration.php(38): Illuminate\\Foundation\\Bootstrap\\LoadConfiguration->loadConfigurationFiles(Object(Illuminate\\Foundation\\Application), Object(Illuminate\\Config\\Repository))
#12 C:\\xampp\\htdocs\\RI-Management-System\\vendor\\laravel\\framework\\src\\Illuminate\\Foundation\\Application.php(316): Illuminate\\Foundation\\Bootstrap\\LoadConfiguration->bootstrap(Object(Illuminate\\Foundation\\Application))
#13 C:\\xampp\\htdocs\\RI-Management-System\\vendor\\laravel\\framework\\src\\Illuminate\\Foundation\\Http\\Kernel.php(187): Illuminate\\Foundation\\Application->bootstrapWith(Array)
#14 C:\\xampp\\htdocs\\RI-Management-System\\vendor\\laravel\\framework\\src\\Illuminate\\Foundation\\Http\\Kernel.php(171): Illuminate\\Foundation\\Http\\Kernel->bootstrap()
#15 C:\\xampp\\htdocs\\RI-Management-System\\vendor\\laravel\\framework\\src\\Illuminate\\Foundation\\Http\\Kernel.php(145): Illuminate\\Foundation\\Http\\Kernel->sendRequestThroughRouter(Object(Illuminate\\Http\\Request))
#16 C:\\xampp\\htdocs\\RI-Management-System\\public\\index.php(51): Illuminate\\Foundation\\Http\\Kernel->handle(Object(Illuminate\\Http\\Request))
#17 C:\\xampp\\htdocs\\RI-Management-System\\vendor\\laravel\\framework\\src\\Illuminate\\Foundation\\resources\\server.php(23): require_once('C:\\\\xampp\\\\htdocs...')
#18 {main}

[previous exception] [object] (ReflectionException(code: -1): Class \"config\" does not exist at C:\\xampp\\htdocs\\RI-Management-System\\vendor\\laravel\\framework\\src\\Illuminate\\Container\\Container.php:944)
[stacktrace]
#0 C:\\xampp\\htdocs\\RI-Management-System\\vendor\\laravel\\framework\\src\\Illuminate\\Container\\Container.php(944): ReflectionClass->__construct('config')
#1 C:\\xampp\\htdocs\\RI-Management-System\\vendor\\laravel\\framework\\src\\Illuminate\\Container\\Container.php(819): Illuminate\\Container\\Container->build('config')
#2 C:\\xampp\\htdocs\\RI-Management-System\\vendor\\laravel\\framework\\src\\Illuminate\\Foundation\\Application.php(1048): Illuminate\\Container\\Container->resolve('config', Array, true)
#3 C:\\xampp\\htdocs\\RI-Management-System\\vendor\\laravel\\framework\\src\\Illuminate\\Container\\Container.php(755): Illuminate\\Foundation\\Application->resolve('config', Array)
#4 C:\\xampp\\htdocs\\RI-Management-System\\vendor\\laravel\\framework\\src\\Illuminate\\Foundation\\Application.php(1030): Illuminate\\Container\\Container->make('config', Array)
#5 C:\\xampp\\htdocs\\RI-Management-System\\vendor\\laravel\\framework\\src\\Illuminate\\Foundation\\helpers.php(124): Illuminate\\Foundation\\Application->make('config', Array)
#6 C:\\xampp\\htdocs\\RI-Management-System\\vendor\\laravel\\framework\\src\\Illuminate\\Foundation\\helpers.php(279): app('config')
#7 C:\\xampp\\htdocs\\RI-Management-System\\vendor\\laravel\\sanctum\\src\\Sanctum.php(40): config('app.url')
#8 C:\\xampp\\htdocs\\RI-Management-System\\config\\sanctum.php(21): Laravel\\Sanctum\\Sanctum::currentApplicationUrlWithPort()
#9 C:\\xampp\\htdocs\\RI-Management-System\\vendor\\laravel\\framework\\src\\Illuminate\\Foundation\\Bootstrap\\LoadConfiguration.php(96): require('C:\\\\xampp\\\\htdocs...')
#10 C:\\xampp\\htdocs\\RI-Management-System\\vendor\\laravel\\framework\\src\\Illuminate\\Foundation\\Bootstrap\\LoadConfiguration.php(96): Illuminate\\Foundation\\Bootstrap\\LoadConfiguration->Illuminate\\Foundation\\Bootstrap\\{closure}()
#11 C:\\xampp\\htdocs\\RI-Management-System\\vendor\\laravel\\framework\\src\\Illuminate\\Foundation\\Bootstrap\\LoadConfiguration.php(77): Illuminate\\Foundation\\Bootstrap\\LoadConfiguration->loadConfigurationFile(Object(Illuminate\\Config\\Repository), 'sanctum', 'C:\\\\xampp\\\\htdocs...', Array)
#12 C:\\xampp\\htdocs\\RI-Management-System\\vendor\\laravel\\framework\\src\\Illuminate\\Foundation\\Bootstrap\\LoadConfiguration.php(38): Illuminate\\Foundation\\Bootstrap\\LoadConfiguration->loadConfigurationFiles(Object(Illuminate\\Foundation\\Application), Object(Illuminate\\Config\\Repository))
#13 C:\\xampp\\htdocs\\RI-Management-System\\vendor\\laravel\\framework\\src\\Illuminate\\Foundation\\Application.php(316): Illuminate\\Foundation\\Bootstrap\\LoadConfiguration->bootstrap(Object(Illuminate\\Foundation\\Application))
#14 C:\\xampp\\htdocs\\RI-Management-System\\vendor\\laravel\\framework\\src\\Illuminate\\Foundation\\Http\\Kernel.php(187): Illuminate\\Foundation\\Application->bootstrapWith(Array)
#15 C:\\xampp\\htdocs\\RI-Management-System\\vendor\\laravel\\framework\\src\\Illuminate\\Foundation\\Http\\Kernel.php(171): Illuminate\\Foundation\\Http\\Kernel->bootstrap()
#16 C:\\xampp\\htdocs\\RI-Management-System\\vendor\\laravel\\framework\\src\\Illuminate\\Foundation\\Http\\Kernel.php(145): Illuminate\\Foundation\\Http\\Kernel->sendRequestThroughRouter(Object(Illuminate\\Http\\Request))
#17 C:\\xampp\\htdocs\\RI-Management-System\\public\\index.php(51): Illuminate\\Foundation\\Http\\Kernel->handle(Object(Illuminate\\Http\\Request))
#18 C:\\xampp\\htdocs\\RI-Management-System\\vendor\\laravel\\framework\\src\\Illuminate\\Foundation\\resources\\server.php(23): require_once('C:\\\\xampp\\\\htdocs...')
#19 {main}
"} 
