[2024-12-06 05:59:07] production.ERROR: Target class [config] does not exist. {"exception":"[object] (Illuminate\\Contracts\\Container\\BindingResolutionException(code: 0): Target class [config] does not exist. at C:\\xampp\\htdocs\\RI-Management-System\\vendor\\laravel\\framework\\src\\Illuminate\\Container\\Container.php:946)
[stacktrace]
#0 C:\\xampp\\htdocs\\RI-Management-System\\vendor\\laravel\\framework\\src\\Illuminate\\Container\\Container.php(819): Illuminate\\Container\\Container->build('config')
#1 C:\\xampp\\htdocs\\RI-Management-System\\vendor\\laravel\\framework\\src\\Illuminate\\Foundation\\Application.php(1048): Illuminate\\Container\\Container->resolve('config', Array, true)
#2 C:\\xampp\\htdocs\\RI-Management-System\\vendor\\laravel\\framework\\src\\Illuminate\\Container\\Container.php(755): Illuminate\\Foundation\\Application->resolve('config', Array)
#3 C:\\xampp\\htdocs\\RI-Management-System\\vendor\\laravel\\framework\\src\\Illuminate\\Foundation\\Application.php(1030): Illuminate\\Container\\Container->make('config', Array)
#4 C:\\xampp\\htdocs\\RI-Management-System\\vendor\\laravel\\framework\\src\\Illuminate\\Foundation\\helpers.php(124): Illuminate\\Foundation\\Application->make('config', Array)
#5 C:\\xampp\\htdocs\\RI-Management-System\\vendor\\laravel\\framework\\src\\Illuminate\\Foundation\\helpers.php(279): app('config')
#6 C:\\xampp\\htdocs\\RI-Management-System\\vendor\\laravel\\sanctum\\src\\Sanctum.php(40): config('app.url')
#7 C:\\xampp\\htdocs\\RI-Management-System\\config\\sanctum.php(21): Laravel\\Sanctum\\Sanctum::currentApplicationUrlWithPort()
#8 C:\\xampp\\htdocs\\RI-Management-System\\vendor\\laravel\\framework\\src\\Illuminate\\Foundation\\Bootstrap\\LoadConfiguration.php(96): require('C:\\\\xampp\\\\htdocs...')
#9 C:\\xampp\\htdocs\\RI-Management-System\\vendor\\laravel\\framework\\src\\Illuminate\\Foundation\\Bootstrap\\LoadConfiguration.php(96): Illuminate\\Foundation\\Bootstrap\\LoadConfiguration->Illuminate\\Foundation\\Bootstrap\\{closure}()
#10 C:\\xampp\\htdocs\\RI-Management-System\\vendor\\laravel\\framework\\src\\Illuminate\\Foundation\\Bootstrap\\LoadConfiguration.php(77): Illuminate\\Foundation\\Bootstrap\\LoadConfiguration->loadConfigurationFile(Object(Illuminate\\Config\\Repository), 'sanctum', 'C:\\\\xampp\\\\htdocs...', Array)
#11 C:\\xampp\\htdocs\\RI-Management-System\\vendor\\laravel\\framework\\src\\Illuminate\\Foundation\\Bootstrap\\LoadConfiguration.php(38): Illuminate\\Foundation\\Bootstrap\\LoadConfiguration->loadConfigurationFiles(Object(Illuminate\\Foundation\\Application), Object(Illuminate\\Config\\Repository))
#12 C:\\xampp\\htdocs\\RI-Management-System\\vendor\\laravel\\framework\\src\\Illuminate\\Foundation\\Application.php(316): Illuminate\\Foundation\\Bootstrap\\LoadConfiguration->bootstrap(Object(Illuminate\\Foundation\\Application))
#13 C:\\xampp\\htdocs\\RI-Management-System\\vendor\\laravel\\framework\\src\\Illuminate\\Foundation\\Console\\Kernel.php(473): Illuminate\\Foundation\\Application->bootstrapWith(Array)
#14 C:\\xampp\\htdocs\\RI-Management-System\\vendor\\laravel\\framework\\src\\Illuminate\\Foundation\\Console\\Kernel.php(195): Illuminate\\Foundation\\Console\\Kernel->bootstrap()
#15 Command line code(1): Illuminate\\Foundation\\Console\\Kernel->handle(Object(Symfony\\Component\\Console\\Input\\ArgvInput), Object(Symfony\\Component\\Console\\Output\\ConsoleOutput))
#16 {main}

[previous exception] [object] (ReflectionException(code: -1): Class \"config\" does not exist at C:\\xampp\\htdocs\\RI-Management-System\\vendor\\laravel\\framework\\src\\Illuminate\\Container\\Container.php:944)
[stacktrace]
#0 C:\\xampp\\htdocs\\RI-Management-System\\vendor\\laravel\\framework\\src\\Illuminate\\Container\\Container.php(944): ReflectionClass->__construct('config')
#1 C:\\xampp\\htdocs\\RI-Management-System\\vendor\\laravel\\framework\\src\\Illuminate\\Container\\Container.php(819): Illuminate\\Container\\Container->build('config')
#2 C:\\xampp\\htdocs\\RI-Management-System\\vendor\\laravel\\framework\\src\\Illuminate\\Foundation\\Application.php(1048): Illuminate\\Container\\Container->resolve('config', Array, true)
#3 C:\\xampp\\htdocs\\RI-Management-System\\vendor\\laravel\\framework\\src\\Illuminate\\Container\\Container.php(755): Illuminate\\Foundation\\Application->resolve('config', Array)
#4 C:\\xampp\\htdocs\\RI-Management-System\\vendor\\laravel\\framework\\src\\Illuminate\\Foundation\\Application.php(1030): Illuminate\\Container\\Container->make('config', Array)
#5 C:\\xampp\\htdocs\\RI-Management-System\\vendor\\laravel\\framework\\src\\Illuminate\\Foundation\\helpers.php(124): Illuminate\\Foundation\\Application->make('config', Array)
#6 C:\\xampp\\htdocs\\RI-Management-System\\vendor\\laravel\\framework\\src\\Illuminate\\Foundation\\helpers.php(279): app('config')
#7 C:\\xampp\\htdocs\\RI-Management-System\\vendor\\laravel\\sanctum\\src\\Sanctum.php(40): config('app.url')
#8 C:\\xampp\\htdocs\\RI-Management-System\\config\\sanctum.php(21): Laravel\\Sanctum\\Sanctum::currentApplicationUrlWithPort()
#9 C:\\xampp\\htdocs\\RI-Management-System\\vendor\\laravel\\framework\\src\\Illuminate\\Foundation\\Bootstrap\\LoadConfiguration.php(96): require('C:\\\\xampp\\\\htdocs...')
#10 C:\\xampp\\htdocs\\RI-Management-System\\vendor\\laravel\\framework\\src\\Illuminate\\Foundation\\Bootstrap\\LoadConfiguration.php(96): Illuminate\\Foundation\\Bootstrap\\LoadConfiguration->Illuminate\\Foundation\\Bootstrap\\{closure}()
#11 C:\\xampp\\htdocs\\RI-Management-System\\vendor\\laravel\\framework\\src\\Illuminate\\Foundation\\Bootstrap\\LoadConfiguration.php(77): Illuminate\\Foundation\\Bootstrap\\LoadConfiguration->loadConfigurationFile(Object(Illuminate\\Config\\Repository), 'sanctum', 'C:\\\\xampp\\\\htdocs...', Array)
#12 C:\\xampp\\htdocs\\RI-Management-System\\vendor\\laravel\\framework\\src\\Illuminate\\Foundation\\Bootstrap\\LoadConfiguration.php(38): Illuminate\\Foundation\\Bootstrap\\LoadConfiguration->loadConfigurationFiles(Object(Illuminate\\Foundation\\Application), Object(Illuminate\\Config\\Repository))
#13 C:\\xampp\\htdocs\\RI-Management-System\\vendor\\laravel\\framework\\src\\Illuminate\\Foundation\\Application.php(316): Illuminate\\Foundation\\Bootstrap\\LoadConfiguration->bootstrap(Object(Illuminate\\Foundation\\Application))
#14 C:\\xampp\\htdocs\\RI-Management-System\\vendor\\laravel\\framework\\src\\Illuminate\\Foundation\\Console\\Kernel.php(473): Illuminate\\Foundation\\Application->bootstrapWith(Array)
#15 C:\\xampp\\htdocs\\RI-Management-System\\vendor\\laravel\\framework\\src\\Illuminate\\Foundation\\Console\\Kernel.php(195): Illuminate\\Foundation\\Console\\Kernel->bootstrap()
#16 Command line code(1): Illuminate\\Foundation\\Console\\Kernel->handle(Object(Symfony\\Component\\Console\\Input\\ArgvInput), Object(Symfony\\Component\\Console\\Output\\ConsoleOutput))
#17 {main}
"} 
[2024-12-06 05:59:07] production.ERROR: Target class [config] does not exist. {"exception":"[object] (Illuminate\\Contracts\\Container\\BindingResolutionException(code: 0): Target class [config] does not exist. at C:\\xampp\\htdocs\\RI-Management-System\\vendor\\laravel\\framework\\src\\Illuminate\\Container\\Container.php:946)
[stacktrace]
#0 C:\\xampp\\htdocs\\RI-Management-System\\vendor\\laravel\\framework\\src\\Illuminate\\Container\\Container.php(819): Illuminate\\Container\\Container->build('config')
#1 C:\\xampp\\htdocs\\RI-Management-System\\vendor\\laravel\\framework\\src\\Illuminate\\Foundation\\Application.php(1048): Illuminate\\Container\\Container->resolve('config', Array, true)
#2 C:\\xampp\\htdocs\\RI-Management-System\\vendor\\laravel\\framework\\src\\Illuminate\\Container\\Container.php(755): Illuminate\\Foundation\\Application->resolve('config', Array)
#3 C:\\xampp\\htdocs\\RI-Management-System\\vendor\\laravel\\framework\\src\\Illuminate\\Foundation\\Application.php(1030): Illuminate\\Container\\Container->make('config', Array)
#4 C:\\xampp\\htdocs\\RI-Management-System\\vendor\\laravel\\framework\\src\\Illuminate\\Foundation\\helpers.php(124): Illuminate\\Foundation\\Application->make('config', Array)
#5 C:\\xampp\\htdocs\\RI-Management-System\\vendor\\laravel\\framework\\src\\Illuminate\\Foundation\\helpers.php(279): app('config')
#6 C:\\xampp\\htdocs\\RI-Management-System\\vendor\\laravel\\sanctum\\src\\Sanctum.php(40): config('app.url')
#7 C:\\xampp\\htdocs\\RI-Management-System\\config\\sanctum.php(21): Laravel\\Sanctum\\Sanctum::currentApplicationUrlWithPort()
#8 C:\\xampp\\htdocs\\RI-Management-System\\vendor\\laravel\\framework\\src\\Illuminate\\Foundation\\Bootstrap\\LoadConfiguration.php(96): require('C:\\\\xampp\\\\htdocs...')
#9 C:\\xampp\\htdocs\\RI-Management-System\\vendor\\laravel\\framework\\src\\Illuminate\\Foundation\\Bootstrap\\LoadConfiguration.php(96): Illuminate\\Foundation\\Bootstrap\\LoadConfiguration->Illuminate\\Foundation\\Bootstrap\\{closure}()
#10 C:\\xampp\\htdocs\\RI-Management-System\\vendor\\laravel\\framework\\src\\Illuminate\\Foundation\\Bootstrap\\LoadConfiguration.php(77): Illuminate\\Foundation\\Bootstrap\\LoadConfiguration->loadConfigurationFile(Object(Illuminate\\Config\\Repository), 'sanctum', 'C:\\\\xampp\\\\htdocs...', Array)
#11 C:\\xampp\\htdocs\\RI-Management-System\\vendor\\laravel\\framework\\src\\Illuminate\\Foundation\\Bootstrap\\LoadConfiguration.php(38): Illuminate\\Foundation\\Bootstrap\\LoadConfiguration->loadConfigurationFiles(Object(Illuminate\\Foundation\\Application), Object(Illuminate\\Config\\Repository))
#12 C:\\xampp\\htdocs\\RI-Management-System\\vendor\\laravel\\framework\\src\\Illuminate\\Foundation\\Application.php(316): Illuminate\\Foundation\\Bootstrap\\LoadConfiguration->bootstrap(Object(Illuminate\\Foundation\\Application))
#13 C:\\xampp\\htdocs\\RI-Management-System\\vendor\\laravel\\framework\\src\\Illuminate\\Foundation\\Console\\Kernel.php(473): Illuminate\\Foundation\\Application->bootstrapWith(Array)
#14 C:\\xampp\\htdocs\\RI-Management-System\\vendor\\laravel\\framework\\src\\Illuminate\\Foundation\\Console\\Kernel.php(195): Illuminate\\Foundation\\Console\\Kernel->bootstrap()
#15 Command line code(1): Illuminate\\Foundation\\Console\\Kernel->handle(Object(Symfony\\Component\\Console\\Input\\ArgvInput), Object(Symfony\\Component\\Console\\Output\\ConsoleOutput))
#16 {main}

[previous exception] [object] (ReflectionException(code: -1): Class \"config\" does not exist at C:\\xampp\\htdocs\\RI-Management-System\\vendor\\laravel\\framework\\src\\Illuminate\\Container\\Container.php:944)
[stacktrace]
#0 C:\\xampp\\htdocs\\RI-Management-System\\vendor\\laravel\\framework\\src\\Illuminate\\Container\\Container.php(944): ReflectionClass->__construct('config')
#1 C:\\xampp\\htdocs\\RI-Management-System\\vendor\\laravel\\framework\\src\\Illuminate\\Container\\Container.php(819): Illuminate\\Container\\Container->build('config')
#2 C:\\xampp\\htdocs\\RI-Management-System\\vendor\\laravel\\framework\\src\\Illuminate\\Foundation\\Application.php(1048): Illuminate\\Container\\Container->resolve('config', Array, true)
#3 C:\\xampp\\htdocs\\RI-Management-System\\vendor\\laravel\\framework\\src\\Illuminate\\Container\\Container.php(755): Illuminate\\Foundation\\Application->resolve('config', Array)
#4 C:\\xampp\\htdocs\\RI-Management-System\\vendor\\laravel\\framework\\src\\Illuminate\\Foundation\\Application.php(1030): Illuminate\\Container\\Container->make('config', Array)
#5 C:\\xampp\\htdocs\\RI-Management-System\\vendor\\laravel\\framework\\src\\Illuminate\\Foundation\\helpers.php(124): Illuminate\\Foundation\\Application->make('config', Array)
#6 C:\\xampp\\htdocs\\RI-Management-System\\vendor\\laravel\\framework\\src\\Illuminate\\Foundation\\helpers.php(279): app('config')
#7 C:\\xampp\\htdocs\\RI-Management-System\\vendor\\laravel\\sanctum\\src\\Sanctum.php(40): config('app.url')
#8 C:\\xampp\\htdocs\\RI-Management-System\\config\\sanctum.php(21): Laravel\\Sanctum\\Sanctum::currentApplicationUrlWithPort()
#9 C:\\xampp\\htdocs\\RI-Management-System\\vendor\\laravel\\framework\\src\\Illuminate\\Foundation\\Bootstrap\\LoadConfiguration.php(96): require('C:\\\\xampp\\\\htdocs...')
#10 C:\\xampp\\htdocs\\RI-Management-System\\vendor\\laravel\\framework\\src\\Illuminate\\Foundation\\Bootstrap\\LoadConfiguration.php(96): Illuminate\\Foundation\\Bootstrap\\LoadConfiguration->Illuminate\\Foundation\\Bootstrap\\{closure}()
#11 C:\\xampp\\htdocs\\RI-Management-System\\vendor\\laravel\\framework\\src\\Illuminate\\Foundation\\Bootstrap\\LoadConfiguration.php(77): Illuminate\\Foundation\\Bootstrap\\LoadConfiguration->loadConfigurationFile(Object(Illuminate\\Config\\Repository), 'sanctum', 'C:\\\\xampp\\\\htdocs...', Array)
#12 C:\\xampp\\htdocs\\RI-Management-System\\vendor\\laravel\\framework\\src\\Illuminate\\Foundation\\Bootstrap\\LoadConfiguration.php(38): Illuminate\\Foundation\\Bootstrap\\LoadConfiguration->loadConfigurationFiles(Object(Illuminate\\Foundation\\Application), Object(Illuminate\\Config\\Repository))
#13 C:\\xampp\\htdocs\\RI-Management-System\\vendor\\laravel\\framework\\src\\Illuminate\\Foundation\\Application.php(316): Illuminate\\Foundation\\Bootstrap\\LoadConfiguration->bootstrap(Object(Illuminate\\Foundation\\Application))
#14 C:\\xampp\\htdocs\\RI-Management-System\\vendor\\laravel\\framework\\src\\Illuminate\\Foundation\\Console\\Kernel.php(473): Illuminate\\Foundation\\Application->bootstrapWith(Array)
#15 C:\\xampp\\htdocs\\RI-Management-System\\vendor\\laravel\\framework\\src\\Illuminate\\Foundation\\Console\\Kernel.php(195): Illuminate\\Foundation\\Console\\Kernel->bootstrap()
#16 Command line code(1): Illuminate\\Foundation\\Console\\Kernel->handle(Object(Symfony\\Component\\Console\\Input\\ArgvInput), Object(Symfony\\Component\\Console\\Output\\ConsoleOutput))
#17 {main}
"} 
[2024-12-06 05:59:42] production.ERROR: Target class [config] does not exist. {"exception":"[object] (Illuminate\\Contracts\\Container\\BindingResolutionException(code: 0): Target class [config] does not exist. at C:\\xampp\\htdocs\\RI-Management-System\\vendor\\laravel\\framework\\src\\Illuminate\\Container\\Container.php:946)
[stacktrace]
#0 C:\\xampp\\htdocs\\RI-Management-System\\vendor\\laravel\\framework\\src\\Illuminate\\Container\\Container.php(819): Illuminate\\Container\\Container->build('config')
#1 C:\\xampp\\htdocs\\RI-Management-System\\vendor\\laravel\\framework\\src\\Illuminate\\Foundation\\Application.php(1048): Illuminate\\Container\\Container->resolve('config', Array, true)
#2 C:\\xampp\\htdocs\\RI-Management-System\\vendor\\laravel\\framework\\src\\Illuminate\\Container\\Container.php(755): Illuminate\\Foundation\\Application->resolve('config', Array)
#3 C:\\xampp\\htdocs\\RI-Management-System\\vendor\\laravel\\framework\\src\\Illuminate\\Foundation\\Application.php(1030): Illuminate\\Container\\Container->make('config', Array)
#4 C:\\xampp\\htdocs\\RI-Management-System\\vendor\\laravel\\framework\\src\\Illuminate\\Foundation\\helpers.php(124): Illuminate\\Foundation\\Application->make('config', Array)
#5 C:\\xampp\\htdocs\\RI-Management-System\\vendor\\laravel\\framework\\src\\Illuminate\\Foundation\\helpers.php(279): app('config')
#6 C:\\xampp\\htdocs\\RI-Management-System\\vendor\\laravel\\sanctum\\src\\Sanctum.php(40): config('app.url')
#7 C:\\xampp\\htdocs\\RI-Management-System\\config\\sanctum.php(21): Laravel\\Sanctum\\Sanctum::currentApplicationUrlWithPort()
#8 C:\\xampp\\htdocs\\RI-Management-System\\vendor\\laravel\\framework\\src\\Illuminate\\Foundation\\Bootstrap\\LoadConfiguration.php(96): require('C:\\\\xampp\\\\htdocs...')
#9 C:\\xampp\\htdocs\\RI-Management-System\\vendor\\laravel\\framework\\src\\Illuminate\\Foundation\\Bootstrap\\LoadConfiguration.php(96): Illuminate\\Foundation\\Bootstrap\\LoadConfiguration->Illuminate\\Foundation\\Bootstrap\\{closure}()
#10 C:\\xampp\\htdocs\\RI-Management-System\\vendor\\laravel\\framework\\src\\Illuminate\\Foundation\\Bootstrap\\LoadConfiguration.php(77): Illuminate\\Foundation\\Bootstrap\\LoadConfiguration->loadConfigurationFile(Object(Illuminate\\Config\\Repository), 'sanctum', 'C:\\\\xampp\\\\htdocs...', Array)
#11 C:\\xampp\\htdocs\\RI-Management-System\\vendor\\laravel\\framework\\src\\Illuminate\\Foundation\\Bootstrap\\LoadConfiguration.php(38): Illuminate\\Foundation\\Bootstrap\\LoadConfiguration->loadConfigurationFiles(Object(Illuminate\\Foundation\\Application), Object(Illuminate\\Config\\Repository))
#12 C:\\xampp\\htdocs\\RI-Management-System\\vendor\\laravel\\framework\\src\\Illuminate\\Foundation\\Application.php(316): Illuminate\\Foundation\\Bootstrap\\LoadConfiguration->bootstrap(Object(Illuminate\\Foundation\\Application))
#13 C:\\xampp\\htdocs\\RI-Management-System\\vendor\\laravel\\framework\\src\\Illuminate\\Foundation\\Console\\Kernel.php(473): Illuminate\\Foundation\\Application->bootstrapWith(Array)
#14 C:\\xampp\\htdocs\\RI-Management-System\\vendor\\laravel\\framework\\src\\Illuminate\\Foundation\\Console\\Kernel.php(195): Illuminate\\Foundation\\Console\\Kernel->bootstrap()
#15 Command line code(1): Illuminate\\Foundation\\Console\\Kernel->handle(Object(Symfony\\Component\\Console\\Input\\ArgvInput), Object(Symfony\\Component\\Console\\Output\\ConsoleOutput))
#16 {main}

[previous exception] [object] (ReflectionException(code: -1): Class \"config\" does not exist at C:\\xampp\\htdocs\\RI-Management-System\\vendor\\laravel\\framework\\src\\Illuminate\\Container\\Container.php:944)
[stacktrace]
#0 C:\\xampp\\htdocs\\RI-Management-System\\vendor\\laravel\\framework\\src\\Illuminate\\Container\\Container.php(944): ReflectionClass->__construct('config')
#1 C:\\xampp\\htdocs\\RI-Management-System\\vendor\\laravel\\framework\\src\\Illuminate\\Container\\Container.php(819): Illuminate\\Container\\Container->build('config')
#2 C:\\xampp\\htdocs\\RI-Management-System\\vendor\\laravel\\framework\\src\\Illuminate\\Foundation\\Application.php(1048): Illuminate\\Container\\Container->resolve('config', Array, true)
#3 C:\\xampp\\htdocs\\RI-Management-System\\vendor\\laravel\\framework\\src\\Illuminate\\Container\\Container.php(755): Illuminate\\Foundation\\Application->resolve('config', Array)
#4 C:\\xampp\\htdocs\\RI-Management-System\\vendor\\laravel\\framework\\src\\Illuminate\\Foundation\\Application.php(1030): Illuminate\\Container\\Container->make('config', Array)
#5 C:\\xampp\\htdocs\\RI-Management-System\\vendor\\laravel\\framework\\src\\Illuminate\\Foundation\\helpers.php(124): Illuminate\\Foundation\\Application->make('config', Array)
#6 C:\\xampp\\htdocs\\RI-Management-System\\vendor\\laravel\\framework\\src\\Illuminate\\Foundation\\helpers.php(279): app('config')
#7 C:\\xampp\\htdocs\\RI-Management-System\\vendor\\laravel\\sanctum\\src\\Sanctum.php(40): config('app.url')
#8 C:\\xampp\\htdocs\\RI-Management-System\\config\\sanctum.php(21): Laravel\\Sanctum\\Sanctum::currentApplicationUrlWithPort()
#9 C:\\xampp\\htdocs\\RI-Management-System\\vendor\\laravel\\framework\\src\\Illuminate\\Foundation\\Bootstrap\\LoadConfiguration.php(96): require('C:\\\\xampp\\\\htdocs...')
#10 C:\\xampp\\htdocs\\RI-Management-System\\vendor\\laravel\\framework\\src\\Illuminate\\Foundation\\Bootstrap\\LoadConfiguration.php(96): Illuminate\\Foundation\\Bootstrap\\LoadConfiguration->Illuminate\\Foundation\\Bootstrap\\{closure}()
#11 C:\\xampp\\htdocs\\RI-Management-System\\vendor\\laravel\\framework\\src\\Illuminate\\Foundation\\Bootstrap\\LoadConfiguration.php(77): Illuminate\\Foundation\\Bootstrap\\LoadConfiguration->loadConfigurationFile(Object(Illuminate\\Config\\Repository), 'sanctum', 'C:\\\\xampp\\\\htdocs...', Array)
#12 C:\\xampp\\htdocs\\RI-Management-System\\vendor\\laravel\\framework\\src\\Illuminate\\Foundation\\Bootstrap\\LoadConfiguration.php(38): Illuminate\\Foundation\\Bootstrap\\LoadConfiguration->loadConfigurationFiles(Object(Illuminate\\Foundation\\Application), Object(Illuminate\\Config\\Repository))
#13 C:\\xampp\\htdocs\\RI-Management-System\\vendor\\laravel\\framework\\src\\Illuminate\\Foundation\\Application.php(316): Illuminate\\Foundation\\Bootstrap\\LoadConfiguration->bootstrap(Object(Illuminate\\Foundation\\Application))
#14 C:\\xampp\\htdocs\\RI-Management-System\\vendor\\laravel\\framework\\src\\Illuminate\\Foundation\\Console\\Kernel.php(473): Illuminate\\Foundation\\Application->bootstrapWith(Array)
#15 C:\\xampp\\htdocs\\RI-Management-System\\vendor\\laravel\\framework\\src\\Illuminate\\Foundation\\Console\\Kernel.php(195): Illuminate\\Foundation\\Console\\Kernel->bootstrap()
#16 Command line code(1): Illuminate\\Foundation\\Console\\Kernel->handle(Object(Symfony\\Component\\Console\\Input\\ArgvInput), Object(Symfony\\Component\\Console\\Output\\ConsoleOutput))
#17 {main}
"} 
[2024-12-06 06:00:07] production.ERROR: Target class [config] does not exist. {"exception":"[object] (Illuminate\\Contracts\\Container\\BindingResolutionException(code: 0): Target class [config] does not exist. at C:\\xampp\\htdocs\\RI-Management-System\\vendor\\laravel\\framework\\src\\Illuminate\\Container\\Container.php:946)
[stacktrace]
#0 C:\\xampp\\htdocs\\RI-Management-System\\vendor\\laravel\\framework\\src\\Illuminate\\Container\\Container.php(819): Illuminate\\Container\\Container->build('config')
#1 C:\\xampp\\htdocs\\RI-Management-System\\vendor\\laravel\\framework\\src\\Illuminate\\Foundation\\Application.php(1048): Illuminate\\Container\\Container->resolve('config', Array, true)
#2 C:\\xampp\\htdocs\\RI-Management-System\\vendor\\laravel\\framework\\src\\Illuminate\\Container\\Container.php(755): Illuminate\\Foundation\\Application->resolve('config', Array)
#3 C:\\xampp\\htdocs\\RI-Management-System\\vendor\\laravel\\framework\\src\\Illuminate\\Foundation\\Application.php(1030): Illuminate\\Container\\Container->make('config', Array)
#4 C:\\xampp\\htdocs\\RI-Management-System\\vendor\\laravel\\framework\\src\\Illuminate\\Foundation\\helpers.php(124): Illuminate\\Foundation\\Application->make('config', Array)
#5 C:\\xampp\\htdocs\\RI-Management-System\\vendor\\laravel\\framework\\src\\Illuminate\\Foundation\\helpers.php(279): app('config')
#6 C:\\xampp\\htdocs\\RI-Management-System\\vendor\\laravel\\sanctum\\src\\Sanctum.php(40): config('app.url')
#7 C:\\xampp\\htdocs\\RI-Management-System\\config\\sanctum.php(21): Laravel\\Sanctum\\Sanctum::currentApplicationUrlWithPort()
#8 C:\\xampp\\htdocs\\RI-Management-System\\vendor\\laravel\\framework\\src\\Illuminate\\Foundation\\Bootstrap\\LoadConfiguration.php(96): require('C:\\\\xampp\\\\htdocs...')
#9 C:\\xampp\\htdocs\\RI-Management-System\\vendor\\laravel\\framework\\src\\Illuminate\\Foundation\\Bootstrap\\LoadConfiguration.php(96): Illuminate\\Foundation\\Bootstrap\\LoadConfiguration->Illuminate\\Foundation\\Bootstrap\\{closure}()
#10 C:\\xampp\\htdocs\\RI-Management-System\\vendor\\laravel\\framework\\src\\Illuminate\\Foundation\\Bootstrap\\LoadConfiguration.php(77): Illuminate\\Foundation\\Bootstrap\\LoadConfiguration->loadConfigurationFile(Object(Illuminate\\Config\\Repository), 'sanctum', 'C:\\\\xampp\\\\htdocs...', Array)
#11 C:\\xampp\\htdocs\\RI-Management-System\\vendor\\laravel\\framework\\src\\Illuminate\\Foundation\\Bootstrap\\LoadConfiguration.php(38): Illuminate\\Foundation\\Bootstrap\\LoadConfiguration->loadConfigurationFiles(Object(Illuminate\\Foundation\\Application), Object(Illuminate\\Config\\Repository))
#12 C:\\xampp\\htdocs\\RI-Management-System\\vendor\\laravel\\framework\\src\\Illuminate\\Foundation\\Application.php(316): Illuminate\\Foundation\\Bootstrap\\LoadConfiguration->bootstrap(Object(Illuminate\\Foundation\\Application))
#13 C:\\xampp\\htdocs\\RI-Management-System\\vendor\\laravel\\framework\\src\\Illuminate\\Foundation\\Console\\Kernel.php(473): Illuminate\\Foundation\\Application->bootstrapWith(Array)
#14 C:\\xampp\\htdocs\\RI-Management-System\\vendor\\laravel\\framework\\src\\Illuminate\\Foundation\\Console\\Kernel.php(195): Illuminate\\Foundation\\Console\\Kernel->bootstrap()
#15 Command line code(1): Illuminate\\Foundation\\Console\\Kernel->handle(Object(Symfony\\Component\\Console\\Input\\ArgvInput), Object(Symfony\\Component\\Console\\Output\\ConsoleOutput))
#16 {main}

[previous exception] [object] (ReflectionException(code: -1): Class \"config\" does not exist at C:\\xampp\\htdocs\\RI-Management-System\\vendor\\laravel\\framework\\src\\Illuminate\\Container\\Container.php:944)
[stacktrace]
#0 C:\\xampp\\htdocs\\RI-Management-System\\vendor\\laravel\\framework\\src\\Illuminate\\Container\\Container.php(944): ReflectionClass->__construct('config')
#1 C:\\xampp\\htdocs\\RI-Management-System\\vendor\\laravel\\framework\\src\\Illuminate\\Container\\Container.php(819): Illuminate\\Container\\Container->build('config')
#2 C:\\xampp\\htdocs\\RI-Management-System\\vendor\\laravel\\framework\\src\\Illuminate\\Foundation\\Application.php(1048): Illuminate\\Container\\Container->resolve('config', Array, true)
#3 C:\\xampp\\htdocs\\RI-Management-System\\vendor\\laravel\\framework\\src\\Illuminate\\Container\\Container.php(755): Illuminate\\Foundation\\Application->resolve('config', Array)
#4 C:\\xampp\\htdocs\\RI-Management-System\\vendor\\laravel\\framework\\src\\Illuminate\\Foundation\\Application.php(1030): Illuminate\\Container\\Container->make('config', Array)
#5 C:\\xampp\\htdocs\\RI-Management-System\\vendor\\laravel\\framework\\src\\Illuminate\\Foundation\\helpers.php(124): Illuminate\\Foundation\\Application->make('config', Array)
#6 C:\\xampp\\htdocs\\RI-Management-System\\vendor\\laravel\\framework\\src\\Illuminate\\Foundation\\helpers.php(279): app('config')
#7 C:\\xampp\\htdocs\\RI-Management-System\\vendor\\laravel\\sanctum\\src\\Sanctum.php(40): config('app.url')
#8 C:\\xampp\\htdocs\\RI-Management-System\\config\\sanctum.php(21): Laravel\\Sanctum\\Sanctum::currentApplicationUrlWithPort()
#9 C:\\xampp\\htdocs\\RI-Management-System\\vendor\\laravel\\framework\\src\\Illuminate\\Foundation\\Bootstrap\\LoadConfiguration.php(96): require('C:\\\\xampp\\\\htdocs...')
#10 C:\\xampp\\htdocs\\RI-Management-System\\vendor\\laravel\\framework\\src\\Illuminate\\Foundation\\Bootstrap\\LoadConfiguration.php(96): Illuminate\\Foundation\\Bootstrap\\LoadConfiguration->Illuminate\\Foundation\\Bootstrap\\{closure}()
#11 C:\\xampp\\htdocs\\RI-Management-System\\vendor\\laravel\\framework\\src\\Illuminate\\Foundation\\Bootstrap\\LoadConfiguration.php(77): Illuminate\\Foundation\\Bootstrap\\LoadConfiguration->loadConfigurationFile(Object(Illuminate\\Config\\Repository), 'sanctum', 'C:\\\\xampp\\\\htdocs...', Array)
#12 C:\\xampp\\htdocs\\RI-Management-System\\vendor\\laravel\\framework\\src\\Illuminate\\Foundation\\Bootstrap\\LoadConfiguration.php(38): Illuminate\\Foundation\\Bootstrap\\LoadConfiguration->loadConfigurationFiles(Object(Illuminate\\Foundation\\Application), Object(Illuminate\\Config\\Repository))
#13 C:\\xampp\\htdocs\\RI-Management-System\\vendor\\laravel\\framework\\src\\Illuminate\\Foundation\\Application.php(316): Illuminate\\Foundation\\Bootstrap\\LoadConfiguration->bootstrap(Object(Illuminate\\Foundation\\Application))
#14 C:\\xampp\\htdocs\\RI-Management-System\\vendor\\laravel\\framework\\src\\Illuminate\\Foundation\\Console\\Kernel.php(473): Illuminate\\Foundation\\Application->bootstrapWith(Array)
#15 C:\\xampp\\htdocs\\RI-Management-System\\vendor\\laravel\\framework\\src\\Illuminate\\Foundation\\Console\\Kernel.php(195): Illuminate\\Foundation\\Console\\Kernel->bootstrap()
#16 Command line code(1): Illuminate\\Foundation\\Console\\Kernel->handle(Object(Symfony\\Component\\Console\\Input\\ArgvInput), Object(Symfony\\Component\\Console\\Output\\ConsoleOutput))
#17 {main}
"} 
[2024-12-06 06:00:07] production.ERROR: Target class [config] does not exist. {"exception":"[object] (Illuminate\\Contracts\\Container\\BindingResolutionException(code: 0): Target class [config] does not exist. at C:\\xampp\\htdocs\\RI-Management-System\\vendor\\laravel\\framework\\src\\Illuminate\\Container\\Container.php:946)
[stacktrace]
#0 C:\\xampp\\htdocs\\RI-Management-System\\vendor\\laravel\\framework\\src\\Illuminate\\Container\\Container.php(819): Illuminate\\Container\\Container->build('config')
#1 C:\\xampp\\htdocs\\RI-Management-System\\vendor\\laravel\\framework\\src\\Illuminate\\Foundation\\Application.php(1048): Illuminate\\Container\\Container->resolve('config', Array, true)
#2 C:\\xampp\\htdocs\\RI-Management-System\\vendor\\laravel\\framework\\src\\Illuminate\\Container\\Container.php(755): Illuminate\\Foundation\\Application->resolve('config', Array)
#3 C:\\xampp\\htdocs\\RI-Management-System\\vendor\\laravel\\framework\\src\\Illuminate\\Foundation\\Application.php(1030): Illuminate\\Container\\Container->make('config', Array)
#4 C:\\xampp\\htdocs\\RI-Management-System\\vendor\\laravel\\framework\\src\\Illuminate\\Foundation\\helpers.php(124): Illuminate\\Foundation\\Application->make('config', Array)
#5 C:\\xampp\\htdocs\\RI-Management-System\\vendor\\laravel\\framework\\src\\Illuminate\\Foundation\\helpers.php(279): app('config')
#6 C:\\xampp\\htdocs\\RI-Management-System\\vendor\\laravel\\sanctum\\src\\Sanctum.php(40): config('app.url')
#7 C:\\xampp\\htdocs\\RI-Management-System\\config\\sanctum.php(21): Laravel\\Sanctum\\Sanctum::currentApplicationUrlWithPort()
#8 C:\\xampp\\htdocs\\RI-Management-System\\vendor\\laravel\\framework\\src\\Illuminate\\Foundation\\Bootstrap\\LoadConfiguration.php(96): require('C:\\\\xampp\\\\htdocs...')
#9 C:\\xampp\\htdocs\\RI-Management-System\\vendor\\laravel\\framework\\src\\Illuminate\\Foundation\\Bootstrap\\LoadConfiguration.php(96): Illuminate\\Foundation\\Bootstrap\\LoadConfiguration->Illuminate\\Foundation\\Bootstrap\\{closure}()
#10 C:\\xampp\\htdocs\\RI-Management-System\\vendor\\laravel\\framework\\src\\Illuminate\\Foundation\\Bootstrap\\LoadConfiguration.php(77): Illuminate\\Foundation\\Bootstrap\\LoadConfiguration->loadConfigurationFile(Object(Illuminate\\Config\\Repository), 'sanctum', 'C:\\\\xampp\\\\htdocs...', Array)
#11 C:\\xampp\\htdocs\\RI-Management-System\\vendor\\laravel\\framework\\src\\Illuminate\\Foundation\\Bootstrap\\LoadConfiguration.php(38): Illuminate\\Foundation\\Bootstrap\\LoadConfiguration->loadConfigurationFiles(Object(Illuminate\\Foundation\\Application), Object(Illuminate\\Config\\Repository))
#12 C:\\xampp\\htdocs\\RI-Management-System\\vendor\\laravel\\framework\\src\\Illuminate\\Foundation\\Application.php(316): Illuminate\\Foundation\\Bootstrap\\LoadConfiguration->bootstrap(Object(Illuminate\\Foundation\\Application))
#13 C:\\xampp\\htdocs\\RI-Management-System\\vendor\\laravel\\framework\\src\\Illuminate\\Foundation\\Console\\Kernel.php(473): Illuminate\\Foundation\\Application->bootstrapWith(Array)
#14 C:\\xampp\\htdocs\\RI-Management-System\\vendor\\laravel\\framework\\src\\Illuminate\\Foundation\\Console\\Kernel.php(195): Illuminate\\Foundation\\Console\\Kernel->bootstrap()
#15 Command line code(1): Illuminate\\Foundation\\Console\\Kernel->handle(Object(Symfony\\Component\\Console\\Input\\ArgvInput), Object(Symfony\\Component\\Console\\Output\\ConsoleOutput))
#16 {main}

[previous exception] [object] (ReflectionException(code: -1): Class \"config\" does not exist at C:\\xampp\\htdocs\\RI-Management-System\\vendor\\laravel\\framework\\src\\Illuminate\\Container\\Container.php:944)
[stacktrace]
#0 C:\\xampp\\htdocs\\RI-Management-System\\vendor\\laravel\\framework\\src\\Illuminate\\Container\\Container.php(944): ReflectionClass->__construct('config')
#1 C:\\xampp\\htdocs\\RI-Management-System\\vendor\\laravel\\framework\\src\\Illuminate\\Container\\Container.php(819): Illuminate\\Container\\Container->build('config')
#2 C:\\xampp\\htdocs\\RI-Management-System\\vendor\\laravel\\framework\\src\\Illuminate\\Foundation\\Application.php(1048): Illuminate\\Container\\Container->resolve('config', Array, true)
#3 C:\\xampp\\htdocs\\RI-Management-System\\vendor\\laravel\\framework\\src\\Illuminate\\Container\\Container.php(755): Illuminate\\Foundation\\Application->resolve('config', Array)
#4 C:\\xampp\\htdocs\\RI-Management-System\\vendor\\laravel\\framework\\src\\Illuminate\\Foundation\\Application.php(1030): Illuminate\\Container\\Container->make('config', Array)
#5 C:\\xampp\\htdocs\\RI-Management-System\\vendor\\laravel\\framework\\src\\Illuminate\\Foundation\\helpers.php(124): Illuminate\\Foundation\\Application->make('config', Array)
#6 C:\\xampp\\htdocs\\RI-Management-System\\vendor\\laravel\\framework\\src\\Illuminate\\Foundation\\helpers.php(279): app('config')
#7 C:\\xampp\\htdocs\\RI-Management-System\\vendor\\laravel\\sanctum\\src\\Sanctum.php(40): config('app.url')
#8 C:\\xampp\\htdocs\\RI-Management-System\\config\\sanctum.php(21): Laravel\\Sanctum\\Sanctum::currentApplicationUrlWithPort()
#9 C:\\xampp\\htdocs\\RI-Management-System\\vendor\\laravel\\framework\\src\\Illuminate\\Foundation\\Bootstrap\\LoadConfiguration.php(96): require('C:\\\\xampp\\\\htdocs...')
#10 C:\\xampp\\htdocs\\RI-Management-System\\vendor\\laravel\\framework\\src\\Illuminate\\Foundation\\Bootstrap\\LoadConfiguration.php(96): Illuminate\\Foundation\\Bootstrap\\LoadConfiguration->Illuminate\\Foundation\\Bootstrap\\{closure}()
#11 C:\\xampp\\htdocs\\RI-Management-System\\vendor\\laravel\\framework\\src\\Illuminate\\Foundation\\Bootstrap\\LoadConfiguration.php(77): Illuminate\\Foundation\\Bootstrap\\LoadConfiguration->loadConfigurationFile(Object(Illuminate\\Config\\Repository), 'sanctum', 'C:\\\\xampp\\\\htdocs...', Array)
#12 C:\\xampp\\htdocs\\RI-Management-System\\vendor\\laravel\\framework\\src\\Illuminate\\Foundation\\Bootstrap\\LoadConfiguration.php(38): Illuminate\\Foundation\\Bootstrap\\LoadConfiguration->loadConfigurationFiles(Object(Illuminate\\Foundation\\Application), Object(Illuminate\\Config\\Repository))
#13 C:\\xampp\\htdocs\\RI-Management-System\\vendor\\laravel\\framework\\src\\Illuminate\\Foundation\\Application.php(316): Illuminate\\Foundation\\Bootstrap\\LoadConfiguration->bootstrap(Object(Illuminate\\Foundation\\Application))
#14 C:\\xampp\\htdocs\\RI-Management-System\\vendor\\laravel\\framework\\src\\Illuminate\\Foundation\\Console\\Kernel.php(473): Illuminate\\Foundation\\Application->bootstrapWith(Array)
#15 C:\\xampp\\htdocs\\RI-Management-System\\vendor\\laravel\\framework\\src\\Illuminate\\Foundation\\Console\\Kernel.php(195): Illuminate\\Foundation\\Console\\Kernel->bootstrap()
#16 Command line code(1): Illuminate\\Foundation\\Console\\Kernel->handle(Object(Symfony\\Component\\Console\\Input\\ArgvInput), Object(Symfony\\Component\\Console\\Output\\ConsoleOutput))
#17 {main}
"} 
[2024-12-06 06:01:07] production.ERROR: Target class [config] does not exist. {"exception":"[object] (Illuminate\\Contracts\\Container\\BindingResolutionException(code: 0): Target class [config] does not exist. at C:\\xampp\\htdocs\\RI-Management-System\\vendor\\laravel\\framework\\src\\Illuminate\\Container\\Container.php:946)
[stacktrace]
#0 C:\\xampp\\htdocs\\RI-Management-System\\vendor\\laravel\\framework\\src\\Illuminate\\Container\\Container.php(819): Illuminate\\Container\\Container->build('config')
#1 C:\\xampp\\htdocs\\RI-Management-System\\vendor\\laravel\\framework\\src\\Illuminate\\Foundation\\Application.php(1048): Illuminate\\Container\\Container->resolve('config', Array, true)
#2 C:\\xampp\\htdocs\\RI-Management-System\\vendor\\laravel\\framework\\src\\Illuminate\\Container\\Container.php(755): Illuminate\\Foundation\\Application->resolve('config', Array)
#3 C:\\xampp\\htdocs\\RI-Management-System\\vendor\\laravel\\framework\\src\\Illuminate\\Foundation\\Application.php(1030): Illuminate\\Container\\Container->make('config', Array)
#4 C:\\xampp\\htdocs\\RI-Management-System\\vendor\\laravel\\framework\\src\\Illuminate\\Foundation\\helpers.php(124): Illuminate\\Foundation\\Application->make('config', Array)
#5 C:\\xampp\\htdocs\\RI-Management-System\\vendor\\laravel\\framework\\src\\Illuminate\\Foundation\\helpers.php(279): app('config')
#6 C:\\xampp\\htdocs\\RI-Management-System\\vendor\\laravel\\sanctum\\src\\Sanctum.php(40): config('app.url')
#7 C:\\xampp\\htdocs\\RI-Management-System\\config\\sanctum.php(21): Laravel\\Sanctum\\Sanctum::currentApplicationUrlWithPort()
#8 C:\\xampp\\htdocs\\RI-Management-System\\vendor\\laravel\\framework\\src\\Illuminate\\Foundation\\Bootstrap\\LoadConfiguration.php(96): require('C:\\\\xampp\\\\htdocs...')
#9 C:\\xampp\\htdocs\\RI-Management-System\\vendor\\laravel\\framework\\src\\Illuminate\\Foundation\\Bootstrap\\LoadConfiguration.php(96): Illuminate\\Foundation\\Bootstrap\\LoadConfiguration->Illuminate\\Foundation\\Bootstrap\\{closure}()
#10 C:\\xampp\\htdocs\\RI-Management-System\\vendor\\laravel\\framework\\src\\Illuminate\\Foundation\\Bootstrap\\LoadConfiguration.php(77): Illuminate\\Foundation\\Bootstrap\\LoadConfiguration->loadConfigurationFile(Object(Illuminate\\Config\\Repository), 'sanctum', 'C:\\\\xampp\\\\htdocs...', Array)
#11 C:\\xampp\\htdocs\\RI-Management-System\\vendor\\laravel\\framework\\src\\Illuminate\\Foundation\\Bootstrap\\LoadConfiguration.php(38): Illuminate\\Foundation\\Bootstrap\\LoadConfiguration->loadConfigurationFiles(Object(Illuminate\\Foundation\\Application), Object(Illuminate\\Config\\Repository))
#12 C:\\xampp\\htdocs\\RI-Management-System\\vendor\\laravel\\framework\\src\\Illuminate\\Foundation\\Application.php(316): Illuminate\\Foundation\\Bootstrap\\LoadConfiguration->bootstrap(Object(Illuminate\\Foundation\\Application))
#13 C:\\xampp\\htdocs\\RI-Management-System\\vendor\\laravel\\framework\\src\\Illuminate\\Foundation\\Console\\Kernel.php(473): Illuminate\\Foundation\\Application->bootstrapWith(Array)
#14 C:\\xampp\\htdocs\\RI-Management-System\\vendor\\laravel\\framework\\src\\Illuminate\\Foundation\\Console\\Kernel.php(195): Illuminate\\Foundation\\Console\\Kernel->bootstrap()
#15 Command line code(1): Illuminate\\Foundation\\Console\\Kernel->handle(Object(Symfony\\Component\\Console\\Input\\ArgvInput), Object(Symfony\\Component\\Console\\Output\\ConsoleOutput))
#16 {main}

[previous exception] [object] (ReflectionException(code: -1): Class \"config\" does not exist at C:\\xampp\\htdocs\\RI-Management-System\\vendor\\laravel\\framework\\src\\Illuminate\\Container\\Container.php:944)
[stacktrace]
#0 C:\\xampp\\htdocs\\RI-Management-System\\vendor\\laravel\\framework\\src\\Illuminate\\Container\\Container.php(944): ReflectionClass->__construct('config')
#1 C:\\xampp\\htdocs\\RI-Management-System\\vendor\\laravel\\framework\\src\\Illuminate\\Container\\Container.php(819): Illuminate\\Container\\Container->build('config')
#2 C:\\xampp\\htdocs\\RI-Management-System\\vendor\\laravel\\framework\\src\\Illuminate\\Foundation\\Application.php(1048): Illuminate\\Container\\Container->resolve('config', Array, true)
#3 C:\\xampp\\htdocs\\RI-Management-System\\vendor\\laravel\\framework\\src\\Illuminate\\Container\\Container.php(755): Illuminate\\Foundation\\Application->resolve('config', Array)
#4 C:\\xampp\\htdocs\\RI-Management-System\\vendor\\laravel\\framework\\src\\Illuminate\\Foundation\\Application.php(1030): Illuminate\\Container\\Container->make('config', Array)
#5 C:\\xampp\\htdocs\\RI-Management-System\\vendor\\laravel\\framework\\src\\Illuminate\\Foundation\\helpers.php(124): Illuminate\\Foundation\\Application->make('config', Array)
#6 C:\\xampp\\htdocs\\RI-Management-System\\vendor\\laravel\\framework\\src\\Illuminate\\Foundation\\helpers.php(279): app('config')
#7 C:\\xampp\\htdocs\\RI-Management-System\\vendor\\laravel\\sanctum\\src\\Sanctum.php(40): config('app.url')
#8 C:\\xampp\\htdocs\\RI-Management-System\\config\\sanctum.php(21): Laravel\\Sanctum\\Sanctum::currentApplicationUrlWithPort()
#9 C:\\xampp\\htdocs\\RI-Management-System\\vendor\\laravel\\framework\\src\\Illuminate\\Foundation\\Bootstrap\\LoadConfiguration.php(96): require('C:\\\\xampp\\\\htdocs...')
#10 C:\\xampp\\htdocs\\RI-Management-System\\vendor\\laravel\\framework\\src\\Illuminate\\Foundation\\Bootstrap\\LoadConfiguration.php(96): Illuminate\\Foundation\\Bootstrap\\LoadConfiguration->Illuminate\\Foundation\\Bootstrap\\{closure}()
#11 C:\\xampp\\htdocs\\RI-Management-System\\vendor\\laravel\\framework\\src\\Illuminate\\Foundation\\Bootstrap\\LoadConfiguration.php(77): Illuminate\\Foundation\\Bootstrap\\LoadConfiguration->loadConfigurationFile(Object(Illuminate\\Config\\Repository), 'sanctum', 'C:\\\\xampp\\\\htdocs...', Array)
#12 C:\\xampp\\htdocs\\RI-Management-System\\vendor\\laravel\\framework\\src\\Illuminate\\Foundation\\Bootstrap\\LoadConfiguration.php(38): Illuminate\\Foundation\\Bootstrap\\LoadConfiguration->loadConfigurationFiles(Object(Illuminate\\Foundation\\Application), Object(Illuminate\\Config\\Repository))
#13 C:\\xampp\\htdocs\\RI-Management-System\\vendor\\laravel\\framework\\src\\Illuminate\\Foundation\\Application.php(316): Illuminate\\Foundation\\Bootstrap\\LoadConfiguration->bootstrap(Object(Illuminate\\Foundation\\Application))
#14 C:\\xampp\\htdocs\\RI-Management-System\\vendor\\laravel\\framework\\src\\Illuminate\\Foundation\\Console\\Kernel.php(473): Illuminate\\Foundation\\Application->bootstrapWith(Array)
#15 C:\\xampp\\htdocs\\RI-Management-System\\vendor\\laravel\\framework\\src\\Illuminate\\Foundation\\Console\\Kernel.php(195): Illuminate\\Foundation\\Console\\Kernel->bootstrap()
#16 Command line code(1): Illuminate\\Foundation\\Console\\Kernel->handle(Object(Symfony\\Component\\Console\\Input\\ArgvInput), Object(Symfony\\Component\\Console\\Output\\ConsoleOutput))
#17 {main}
"} 
[2024-12-06 06:02:07] production.ERROR: Target class [config] does not exist. {"exception":"[object] (Illuminate\\Contracts\\Container\\BindingResolutionException(code: 0): Target class [config] does not exist. at C:\\xampp\\htdocs\\RI-Management-System\\vendor\\laravel\\framework\\src\\Illuminate\\Container\\Container.php:946)
[stacktrace]
#0 C:\\xampp\\htdocs\\RI-Management-System\\vendor\\laravel\\framework\\src\\Illuminate\\Container\\Container.php(819): Illuminate\\Container\\Container->build('config')
#1 C:\\xampp\\htdocs\\RI-Management-System\\vendor\\laravel\\framework\\src\\Illuminate\\Foundation\\Application.php(1048): Illuminate\\Container\\Container->resolve('config', Array, true)
#2 C:\\xampp\\htdocs\\RI-Management-System\\vendor\\laravel\\framework\\src\\Illuminate\\Container\\Container.php(755): Illuminate\\Foundation\\Application->resolve('config', Array)
#3 C:\\xampp\\htdocs\\RI-Management-System\\vendor\\laravel\\framework\\src\\Illuminate\\Foundation\\Application.php(1030): Illuminate\\Container\\Container->make('config', Array)
#4 C:\\xampp\\htdocs\\RI-Management-System\\vendor\\laravel\\framework\\src\\Illuminate\\Foundation\\helpers.php(124): Illuminate\\Foundation\\Application->make('config', Array)
#5 C:\\xampp\\htdocs\\RI-Management-System\\vendor\\laravel\\framework\\src\\Illuminate\\Foundation\\helpers.php(279): app('config')
#6 C:\\xampp\\htdocs\\RI-Management-System\\vendor\\laravel\\sanctum\\src\\Sanctum.php(40): config('app.url')
#7 C:\\xampp\\htdocs\\RI-Management-System\\config\\sanctum.php(21): Laravel\\Sanctum\\Sanctum::currentApplicationUrlWithPort()
#8 C:\\xampp\\htdocs\\RI-Management-System\\vendor\\laravel\\framework\\src\\Illuminate\\Foundation\\Bootstrap\\LoadConfiguration.php(96): require('C:\\\\xampp\\\\htdocs...')
#9 C:\\xampp\\htdocs\\RI-Management-System\\vendor\\laravel\\framework\\src\\Illuminate\\Foundation\\Bootstrap\\LoadConfiguration.php(96): Illuminate\\Foundation\\Bootstrap\\LoadConfiguration->Illuminate\\Foundation\\Bootstrap\\{closure}()
#10 C:\\xampp\\htdocs\\RI-Management-System\\vendor\\laravel\\framework\\src\\Illuminate\\Foundation\\Bootstrap\\LoadConfiguration.php(77): Illuminate\\Foundation\\Bootstrap\\LoadConfiguration->loadConfigurationFile(Object(Illuminate\\Config\\Repository), 'sanctum', 'C:\\\\xampp\\\\htdocs...', Array)
#11 C:\\xampp\\htdocs\\RI-Management-System\\vendor\\laravel\\framework\\src\\Illuminate\\Foundation\\Bootstrap\\LoadConfiguration.php(38): Illuminate\\Foundation\\Bootstrap\\LoadConfiguration->loadConfigurationFiles(Object(Illuminate\\Foundation\\Application), Object(Illuminate\\Config\\Repository))
#12 C:\\xampp\\htdocs\\RI-Management-System\\vendor\\laravel\\framework\\src\\Illuminate\\Foundation\\Application.php(316): Illuminate\\Foundation\\Bootstrap\\LoadConfiguration->bootstrap(Object(Illuminate\\Foundation\\Application))
#13 C:\\xampp\\htdocs\\RI-Management-System\\vendor\\laravel\\framework\\src\\Illuminate\\Foundation\\Console\\Kernel.php(473): Illuminate\\Foundation\\Application->bootstrapWith(Array)
#14 C:\\xampp\\htdocs\\RI-Management-System\\vendor\\laravel\\framework\\src\\Illuminate\\Foundation\\Console\\Kernel.php(195): Illuminate\\Foundation\\Console\\Kernel->bootstrap()
#15 Command line code(1): Illuminate\\Foundation\\Console\\Kernel->handle(Object(Symfony\\Component\\Console\\Input\\ArgvInput), Object(Symfony\\Component\\Console\\Output\\ConsoleOutput))
#16 {main}

[previous exception] [object] (ReflectionException(code: -1): Class \"config\" does not exist at C:\\xampp\\htdocs\\RI-Management-System\\vendor\\laravel\\framework\\src\\Illuminate\\Container\\Container.php:944)
[stacktrace]
#0 C:\\xampp\\htdocs\\RI-Management-System\\vendor\\laravel\\framework\\src\\Illuminate\\Container\\Container.php(944): ReflectionClass->__construct('config')
#1 C:\\xampp\\htdocs\\RI-Management-System\\vendor\\laravel\\framework\\src\\Illuminate\\Container\\Container.php(819): Illuminate\\Container\\Container->build('config')
#2 C:\\xampp\\htdocs\\RI-Management-System\\vendor\\laravel\\framework\\src\\Illuminate\\Foundation\\Application.php(1048): Illuminate\\Container\\Container->resolve('config', Array, true)
#3 C:\\xampp\\htdocs\\RI-Management-System\\vendor\\laravel\\framework\\src\\Illuminate\\Container\\Container.php(755): Illuminate\\Foundation\\Application->resolve('config', Array)
#4 C:\\xampp\\htdocs\\RI-Management-System\\vendor\\laravel\\framework\\src\\Illuminate\\Foundation\\Application.php(1030): Illuminate\\Container\\Container->make('config', Array)
#5 C:\\xampp\\htdocs\\RI-Management-System\\vendor\\laravel\\framework\\src\\Illuminate\\Foundation\\helpers.php(124): Illuminate\\Foundation\\Application->make('config', Array)
#6 C:\\xampp\\htdocs\\RI-Management-System\\vendor\\laravel\\framework\\src\\Illuminate\\Foundation\\helpers.php(279): app('config')
#7 C:\\xampp\\htdocs\\RI-Management-System\\vendor\\laravel\\sanctum\\src\\Sanctum.php(40): config('app.url')
#8 C:\\xampp\\htdocs\\RI-Management-System\\config\\sanctum.php(21): Laravel\\Sanctum\\Sanctum::currentApplicationUrlWithPort()
#9 C:\\xampp\\htdocs\\RI-Management-System\\vendor\\laravel\\framework\\src\\Illuminate\\Foundation\\Bootstrap\\LoadConfiguration.php(96): require('C:\\\\xampp\\\\htdocs...')
#10 C:\\xampp\\htdocs\\RI-Management-System\\vendor\\laravel\\framework\\src\\Illuminate\\Foundation\\Bootstrap\\LoadConfiguration.php(96): Illuminate\\Foundation\\Bootstrap\\LoadConfiguration->Illuminate\\Foundation\\Bootstrap\\{closure}()
#11 C:\\xampp\\htdocs\\RI-Management-System\\vendor\\laravel\\framework\\src\\Illuminate\\Foundation\\Bootstrap\\LoadConfiguration.php(77): Illuminate\\Foundation\\Bootstrap\\LoadConfiguration->loadConfigurationFile(Object(Illuminate\\Config\\Repository), 'sanctum', 'C:\\\\xampp\\\\htdocs...', Array)
#12 C:\\xampp\\htdocs\\RI-Management-System\\vendor\\laravel\\framework\\src\\Illuminate\\Foundation\\Bootstrap\\LoadConfiguration.php(38): Illuminate\\Foundation\\Bootstrap\\LoadConfiguration->loadConfigurationFiles(Object(Illuminate\\Foundation\\Application), Object(Illuminate\\Config\\Repository))
#13 C:\\xampp\\htdocs\\RI-Management-System\\vendor\\laravel\\framework\\src\\Illuminate\\Foundation\\Application.php(316): Illuminate\\Foundation\\Bootstrap\\LoadConfiguration->bootstrap(Object(Illuminate\\Foundation\\Application))
#14 C:\\xampp\\htdocs\\RI-Management-System\\vendor\\laravel\\framework\\src\\Illuminate\\Foundation\\Console\\Kernel.php(473): Illuminate\\Foundation\\Application->bootstrapWith(Array)
#15 C:\\xampp\\htdocs\\RI-Management-System\\vendor\\laravel\\framework\\src\\Illuminate\\Foundation\\Console\\Kernel.php(195): Illuminate\\Foundation\\Console\\Kernel->bootstrap()
#16 Command line code(1): Illuminate\\Foundation\\Console\\Kernel->handle(Object(Symfony\\Component\\Console\\Input\\ArgvInput), Object(Symfony\\Component\\Console\\Output\\ConsoleOutput))
#17 {main}
"} 
[2024-12-06 06:02:07] production.ERROR: Target class [config] does not exist. {"exception":"[object] (Illuminate\\Contracts\\Container\\BindingResolutionException(code: 0): Target class [config] does not exist. at C:\\xampp\\htdocs\\RI-Management-System\\vendor\\laravel\\framework\\src\\Illuminate\\Container\\Container.php:946)
[stacktrace]
#0 C:\\xampp\\htdocs\\RI-Management-System\\vendor\\laravel\\framework\\src\\Illuminate\\Container\\Container.php(819): Illuminate\\Container\\Container->build('config')
#1 C:\\xampp\\htdocs\\RI-Management-System\\vendor\\laravel\\framework\\src\\Illuminate\\Foundation\\Application.php(1048): Illuminate\\Container\\Container->resolve('config', Array, true)
#2 C:\\xampp\\htdocs\\RI-Management-System\\vendor\\laravel\\framework\\src\\Illuminate\\Container\\Container.php(755): Illuminate\\Foundation\\Application->resolve('config', Array)
#3 C:\\xampp\\htdocs\\RI-Management-System\\vendor\\laravel\\framework\\src\\Illuminate\\Foundation\\Application.php(1030): Illuminate\\Container\\Container->make('config', Array)
#4 C:\\xampp\\htdocs\\RI-Management-System\\vendor\\laravel\\framework\\src\\Illuminate\\Foundation\\helpers.php(124): Illuminate\\Foundation\\Application->make('config', Array)
#5 C:\\xampp\\htdocs\\RI-Management-System\\vendor\\laravel\\framework\\src\\Illuminate\\Foundation\\helpers.php(279): app('config')
#6 C:\\xampp\\htdocs\\RI-Management-System\\vendor\\laravel\\sanctum\\src\\Sanctum.php(40): config('app.url')
#7 C:\\xampp\\htdocs\\RI-Management-System\\config\\sanctum.php(21): Laravel\\Sanctum\\Sanctum::currentApplicationUrlWithPort()
#8 C:\\xampp\\htdocs\\RI-Management-System\\vendor\\laravel\\framework\\src\\Illuminate\\Foundation\\Bootstrap\\LoadConfiguration.php(96): require('C:\\\\xampp\\\\htdocs...')
#9 C:\\xampp\\htdocs\\RI-Management-System\\vendor\\laravel\\framework\\src\\Illuminate\\Foundation\\Bootstrap\\LoadConfiguration.php(96): Illuminate\\Foundation\\Bootstrap\\LoadConfiguration->Illuminate\\Foundation\\Bootstrap\\{closure}()
#10 C:\\xampp\\htdocs\\RI-Management-System\\vendor\\laravel\\framework\\src\\Illuminate\\Foundation\\Bootstrap\\LoadConfiguration.php(77): Illuminate\\Foundation\\Bootstrap\\LoadConfiguration->loadConfigurationFile(Object(Illuminate\\Config\\Repository), 'sanctum', 'C:\\\\xampp\\\\htdocs...', Array)
#11 C:\\xampp\\htdocs\\RI-Management-System\\vendor\\laravel\\framework\\src\\Illuminate\\Foundation\\Bootstrap\\LoadConfiguration.php(38): Illuminate\\Foundation\\Bootstrap\\LoadConfiguration->loadConfigurationFiles(Object(Illuminate\\Foundation\\Application), Object(Illuminate\\Config\\Repository))
#12 C:\\xampp\\htdocs\\RI-Management-System\\vendor\\laravel\\framework\\src\\Illuminate\\Foundation\\Application.php(316): Illuminate\\Foundation\\Bootstrap\\LoadConfiguration->bootstrap(Object(Illuminate\\Foundation\\Application))
#13 C:\\xampp\\htdocs\\RI-Management-System\\vendor\\laravel\\framework\\src\\Illuminate\\Foundation\\Console\\Kernel.php(473): Illuminate\\Foundation\\Application->bootstrapWith(Array)
#14 C:\\xampp\\htdocs\\RI-Management-System\\vendor\\laravel\\framework\\src\\Illuminate\\Foundation\\Console\\Kernel.php(195): Illuminate\\Foundation\\Console\\Kernel->bootstrap()
#15 Command line code(1): Illuminate\\Foundation\\Console\\Kernel->handle(Object(Symfony\\Component\\Console\\Input\\ArgvInput), Object(Symfony\\Component\\Console\\Output\\ConsoleOutput))
#16 {main}

[previous exception] [object] (ReflectionException(code: -1): Class \"config\" does not exist at C:\\xampp\\htdocs\\RI-Management-System\\vendor\\laravel\\framework\\src\\Illuminate\\Container\\Container.php:944)
[stacktrace]
#0 C:\\xampp\\htdocs\\RI-Management-System\\vendor\\laravel\\framework\\src\\Illuminate\\Container\\Container.php(944): ReflectionClass->__construct('config')
#1 C:\\xampp\\htdocs\\RI-Management-System\\vendor\\laravel\\framework\\src\\Illuminate\\Container\\Container.php(819): Illuminate\\Container\\Container->build('config')
#2 C:\\xampp\\htdocs\\RI-Management-System\\vendor\\laravel\\framework\\src\\Illuminate\\Foundation\\Application.php(1048): Illuminate\\Container\\Container->resolve('config', Array, true)
#3 C:\\xampp\\htdocs\\RI-Management-System\\vendor\\laravel\\framework\\src\\Illuminate\\Container\\Container.php(755): Illuminate\\Foundation\\Application->resolve('config', Array)
#4 C:\\xampp\\htdocs\\RI-Management-System\\vendor\\laravel\\framework\\src\\Illuminate\\Foundation\\Application.php(1030): Illuminate\\Container\\Container->make('config', Array)
#5 C:\\xampp\\htdocs\\RI-Management-System\\vendor\\laravel\\framework\\src\\Illuminate\\Foundation\\helpers.php(124): Illuminate\\Foundation\\Application->make('config', Array)
#6 C:\\xampp\\htdocs\\RI-Management-System\\vendor\\laravel\\framework\\src\\Illuminate\\Foundation\\helpers.php(279): app('config')
#7 C:\\xampp\\htdocs\\RI-Management-System\\vendor\\laravel\\sanctum\\src\\Sanctum.php(40): config('app.url')
#8 C:\\xampp\\htdocs\\RI-Management-System\\config\\sanctum.php(21): Laravel\\Sanctum\\Sanctum::currentApplicationUrlWithPort()
#9 C:\\xampp\\htdocs\\RI-Management-System\\vendor\\laravel\\framework\\src\\Illuminate\\Foundation\\Bootstrap\\LoadConfiguration.php(96): require('C:\\\\xampp\\\\htdocs...')
#10 C:\\xampp\\htdocs\\RI-Management-System\\vendor\\laravel\\framework\\src\\Illuminate\\Foundation\\Bootstrap\\LoadConfiguration.php(96): Illuminate\\Foundation\\Bootstrap\\LoadConfiguration->Illuminate\\Foundation\\Bootstrap\\{closure}()
#11 C:\\xampp\\htdocs\\RI-Management-System\\vendor\\laravel\\framework\\src\\Illuminate\\Foundation\\Bootstrap\\LoadConfiguration.php(77): Illuminate\\Foundation\\Bootstrap\\LoadConfiguration->loadConfigurationFile(Object(Illuminate\\Config\\Repository), 'sanctum', 'C:\\\\xampp\\\\htdocs...', Array)
#12 C:\\xampp\\htdocs\\RI-Management-System\\vendor\\laravel\\framework\\src\\Illuminate\\Foundation\\Bootstrap\\LoadConfiguration.php(38): Illuminate\\Foundation\\Bootstrap\\LoadConfiguration->loadConfigurationFiles(Object(Illuminate\\Foundation\\Application), Object(Illuminate\\Config\\Repository))
#13 C:\\xampp\\htdocs\\RI-Management-System\\vendor\\laravel\\framework\\src\\Illuminate\\Foundation\\Application.php(316): Illuminate\\Foundation\\Bootstrap\\LoadConfiguration->bootstrap(Object(Illuminate\\Foundation\\Application))
#14 C:\\xampp\\htdocs\\RI-Management-System\\vendor\\laravel\\framework\\src\\Illuminate\\Foundation\\Console\\Kernel.php(473): Illuminate\\Foundation\\Application->bootstrapWith(Array)
#15 C:\\xampp\\htdocs\\RI-Management-System\\vendor\\laravel\\framework\\src\\Illuminate\\Foundation\\Console\\Kernel.php(195): Illuminate\\Foundation\\Console\\Kernel->bootstrap()
#16 Command line code(1): Illuminate\\Foundation\\Console\\Kernel->handle(Object(Symfony\\Component\\Console\\Input\\ArgvInput), Object(Symfony\\Component\\Console\\Output\\ConsoleOutput))
#17 {main}
"} 
